#
# A fatal error has been detected by the Java Runtime Environment:
#
#  SIGSEGV (0xb) at pc=0x00007fc949e0a0ad, pid=60070, tid=60086
#
# JRE version: OpenJDK Runtime Environment (14.0.2+12) (build 14.0.2+12-Ubuntu-120.04)
# Java VM: OpenJDK 64-Bit Server VM (14.0.2+12-Ubuntu-120.04, mixed mode, sharing, tiered, compressed oops, g1 gc, linux-amd64)
# Problematic frame:
# C  [libjimage.so+0x30ad]
#
# Core dump will be written. Default location: Core dumps may be processed with "/usr/share/apport/apport %p %s %c %d %P %E" (or dumping to /home/leticia/Documents/AleloChallenge/core.60070)
#
# If you would like to submit a bug report, please visit:
#   Unknown
#

---------------  S U M M A R Y ------------

Command Line: -agentlib:jdwp=transport=dt_socket,suspend=y,address=localhost:44143 -javaagent:/home/leticia/.eclipse/360744286_linux_gtk_x86_64/configuration/org.eclipse.osgi/222/0/.cp/lib/javaagent-shaded.jar -Dfile.encoding=UTF-8 com.example.demo.WomanCanCodeApplication

Host: Intel(R) Core(TM) i5-4200U CPU @ 1.60GHz, 4 cores, 3G, Ubuntu 20.04.1 LTS
Time: Sat Nov 14 01:22:07 2020 -03 elapsed time: 2171 seconds (0d 0h 36m 11s)

---------------  T H R E A D  ---------------

Current thread (0x00007fc944113800):  JavaThread "Signal Dispatcher" daemon [_thread_in_vm, id=60086, stack(0x00007fc9280d2000,0x00007fc9281d3000)]

Stack: [0x00007fc9280d2000,0x00007fc9281d3000],  sp=0x00007fc9281d0240,  free space=1016k
Native frames: (J=compiled Java code, A=aot compiled Java code, j=interpreted, Vv=VM code, C=native code)
C  [libjimage.so+0x30ad]
C  [libjimage.so+0x3c72]
C  [libjimage.so+0x4181]  JIMAGE_FindResource+0xf1
V  [libjvm.so+0x538016]
V  [libjvm.so+0x53c523]
V  [libjvm.so+0xda7f12]
V  [libjvm.so+0xda6a72]
V  [libjvm.so+0xda8fed]
V  [libjvm.so+0x5a3ed8]
V  [libjvm.so+0x7b2846]
j  jdk.internal.misc.Signal.dispatch(I)V+25 java.base@14.0.2
v  ~StubRoutines::call_stub
V  [libjvm.so+0x7b941c]
V  [libjvm.so+0x7b98a4]
V  [libjvm.so+0xb7f93e]
V  [libjvm.so+0xdee84e]
V  [libjvm.so+0xdf37df]
V  [libjvm.so+0xb904ff]

Java frames: (J=compiled Java code, j=interpreted, Vv=VM code)
j  jdk.internal.misc.Signal.dispatch(I)V+25 java.base@14.0.2
v  ~StubRoutines::call_stub

siginfo: si_signo: 11 (SIGSEGV), si_code: 1 (SEGV_MAPERR), si_addr: 0x00007fc93aca5550

Register to memory mapping:

RAX=0x000000000000714d is an unknown value
RBX=0x00007fc9281d02f1 is pointing into the stack for thread: 0x00007fc944113800
RCX=0x00007fc9281d0313 is pointing into the stack for thread: 0x00007fc944113800
RDX=0x000000000000714d is an unknown value
RSP=0x00007fc9281d0240 is pointing into the stack for thread: 0x00007fc944113800
RBP=0x00007fc9281d0260 is pointing into the stack for thread: 0x00007fc944113800
RSI=0x0 is NULL
RDI=0x00007fc949e0f130: <offset 0x0000000000008130> in /usr/lib/jvm/java-14-openjdk-amd64/lib/libjimage.so at 0x00007fc949e07000
R8 =0x00007fc93ac8901c is an unknown value
R9 =0x00007fc9281d1100 is pointing into the stack for thread: 0x00007fc944113800
R10=0x00007fc94984f718: <offset 0x0000000000f19718> in /usr/lib/jvm/java-14-openjdk-amd64/lib/server/libjvm.so at 0x00007fc948936000
R11=0x00007fc9281d1468 is pointing into the stack for thread: 0x00007fc944113800
R12=0x000000000000852d is an unknown value
R13=0x00007fc9281d02f0 is pointing into the stack for thread: 0x00007fc944113800
R14=0x0 is NULL
R15=0x00007fc944113de0 points into unknown readable memory: 6a 64 6b 2f 69 6e 74 65


Registers:
RAX=0x000000000000714d, RBX=0x00007fc9281d02f1, RCX=0x00007fc9281d0313, RDX=0x000000000000714d
RSP=0x00007fc9281d0240, RBP=0x00007fc9281d0260, RSI=0x0000000000000000, RDI=0x00007fc949e0f130
R8 =0x00007fc93ac8901c, R9 =0x00007fc9281d1100, R10=0x00007fc94984f718, R11=0x00007fc9281d1468
R12=0x000000000000852d, R13=0x00007fc9281d02f0, R14=0x0000000000000000, R15=0x00007fc944113de0
RIP=0x00007fc949e0a0ad, EFLAGS=0x0000000000010246, CSGSFS=0x002b000000000033, ERR=0x0000000000000004
  TRAPNO=0x000000000000000e

Top of Stack: (sp=0x00007fc9281d0240)
0x00007fc9281d0240:   0000000000000000 00007fc9281d1388
0x00007fc9281d0250:   00007fc9440194a0 00007fc9281d02f0
0x00007fc9281d0260:   00007fc9281d02d0 00007fc949e0ac72
0x00007fc9281d0270:   0000000000000000 0000000000000000 

Instructions: (pc=0x00007fc949e0a0ad)
0x00007fc949e09fad:   f3 ff ff 44 03 65 90 e9 3f fe ff ff 0f 1f 80 00
0x00007fc949e09fbd:   00 00 00 41 8b 10 41 89 55 00 41 8b 54 00 fc 41
0x00007fc949e09fcd:   89 54 05 fc e9 82 fc ff ff 66 2e 0f 1f 84 00 00
0x00007fc949e09fdd:   00 00 00 b9 0a 00 00 00 e9 f0 fc ff ff 41 0f b7
0x00007fc949e09fed:   54 00 fe 66 41 89 54 05 fe e9 5d fc ff ff 0f 1f
0x00007fc949e09ffd:   44 00 00 f3 0f 1e fa 0f b6 17 89 f0 89 f1 4c 8d
0x00007fc949e0a00d:   47 01 84 d2 74 1c 0f 1f 44 00 00 69 c9 93 01 00
0x00007fc949e0a01d:   01 49 83 c0 01 31 d1 41 0f b6 50 ff 84 d2 75 eb
0x00007fc949e0a02d:   89 c8 25 ff ff ff 7f c3 90 66 2e 0f 1f 84 00 00
0x00007fc949e0a03d:   00 00 00 f3 0f 1e fa 48 85 d2 0f 84 da 00 00 00
0x00007fc949e0a04d:   55 48 89 e5 41 55 41 54 41 89 cc 53 48 83 ec 08
0x00007fc949e0a05d:   85 c9 0f 84 ba 00 00 00 49 89 f5 48 8d 5e 01 0f
0x00007fc949e0a06d:   b6 36 49 89 d0 40 84 f6 0f 84 9d 00 00 00 48 89
0x00007fc949e0a07d:   d9 b8 93 01 00 01 0f 1f 44 00 00 69 d0 93 01 00
0x00007fc949e0a08d:   01 48 83 c1 01 40 0f b6 c6 0f b6 71 ff 31 d0 40
0x00007fc949e0a09d:   84 f6 75 e7 25 ff ff ff 7f 31 d2 41 f7 f4 89 d0
0x00007fc949e0a0ad:   41 8b 34 80 48 8b 07 ff 50 20 85 c0 7f 15 74 62
0x00007fc949e0a0bd:   f7 d0 41 89 c0 48 83 c4 08 44 89 c0 5b 41 5c 41
0x00007fc949e0a0cd:   5d 5d c3 41 0f b6 4d 00 89 c6 84 c9 74 1b 0f 1f
0x00007fc949e0a0dd:   44 00 00 69 f6 93 01 00 01 48 83 c3 01 31 ce 0f
0x00007fc949e0a0ed:   b6 4b ff 84 c9 75 ec 89 f0 25 ff ff ff 7f 31 d2
0x00007fc949e0a0fd:   48 83 c4 08 41 f7 f4 5b 41 5c 41 5d 5d 41 89 d0
0x00007fc949e0a10d:   44 89 c0 c3 0f 1f 80 00 00 00 00 b8 93 01 00 01
0x00007fc949e0a11d:   eb 87 41 b8 ff ff ff ff eb 9b 41 83 c8 ff 44 89
0x00007fc949e0a12d:   c0 c3 90 f3 0f 1e fa eb 1d 66 2e 0f 1f 84 00 00
0x00007fc949e0a13d:   00 00 00 0f b6 16 84 d2 74 13 38 c2 75 15 48 83
0x00007fc949e0a14d:   c7 01 48 83 c6 01 0f b6 07 84 c0 75 e6 48 89 f8
0x00007fc949e0a15d:   c3 66 90 31 c0 c3 90 66 66 2e 0f 1f 84 00 00 00
0x00007fc949e0a16d:   00 00 90 f3 0f 1e fa 48 85 f6 74 51 0f b6 06 84
0x00007fc949e0a17d:   c0 74 4a 0f b6 d0 83 e0 07 c1 fa 03 44 8d 50 01
0x00007fc949e0a18d:   0f b6 c0 41 89 d1 4c 8d 44 06 02 48 8d 56 01 31
0x00007fc949e0a19d:   c0 66 90 0f b6 0a 48 c1 e0 08 48 83 c2 01 48 09 


Stack slot to memory mapping:
stack at sp + 0 slots: 0x0 is NULL
stack at sp + 1 slots: 0x00007fc9281d1388 is pointing into the stack for thread: 0x00007fc944113800
stack at sp + 2 slots: 0x00007fc9440194a0 points into unknown readable memory: 10 3e 00 e4 c8 7f 00 00
stack at sp + 3 slots: 0x00007fc9281d02f0 is pointing into the stack for thread: 0x00007fc944113800
stack at sp + 4 slots: 0x00007fc9281d02d0 is pointing into the stack for thread: 0x00007fc944113800
stack at sp + 5 slots: 0x00007fc949e0ac72: <offset 0x0000000000003c72> in /usr/lib/jvm/java-14-openjdk-amd64/lib/libjimage.so at 0x00007fc949e07000
stack at sp + 6 slots: 0x0 is NULL
stack at sp + 7 slots: 0x0 is NULL


---------------  P R O C E S S  ---------------

Threads class SMR info:
_java_thread_list=0x00007fc8dc002060, length=30, elements={
0x00007fc94410a000, 0x00007fc94410c000, 0x00007fc944113800, 0x00007fc944115000,
0x00007fc944117000, 0x00007fc944119000, 0x00007fc94411b000, 0x00007fc944159000,
0x00007fc9441bd800, 0x00007fc9441c1000, 0x00007fc944501000, 0x00007fc944f74800,
0x00007fc944f78800, 0x00007fc94508e000, 0x00007fc8bc002000, 0x00007fc945091800,
0x00007fc945a71800, 0x00007fc945a74000, 0x00007fc945a75000, 0x00007fc945a76800,
0x00007fc945a78800, 0x00007fc945a7a800, 0x00007fc945a7c800, 0x00007fc945a7e800,
0x00007fc945a80800, 0x00007fc945a82800, 0x00007fc945a84000, 0x00007fc945a87000,
0x00007fc945a8e000, 0x00007fc94401b000
}

Java Threads: ( => current thread )
  0x00007fc94410a000 JavaThread "Reference Handler" daemon [_thread_blocked, id=60084, stack(0x00007fc9282d4000,0x00007fc9283d5000)]
  0x00007fc94410c000 JavaThread "Finalizer" daemon [_thread_blocked, id=60085, stack(0x00007fc9281d3000,0x00007fc9282d4000)]
=>0x00007fc944113800 JavaThread "Signal Dispatcher" daemon [_thread_in_vm, id=60086, stack(0x00007fc9280d2000,0x00007fc9281d3000)]
  0x00007fc944115000 JavaThread "Service Thread" daemon [_thread_blocked, id=60087, stack(0x00007fc91998e000,0x00007fc919a8f000)]
  0x00007fc944117000 JavaThread "C2 CompilerThread0" daemon [_thread_blocked, id=60088, stack(0x00007fc91988d000,0x00007fc91998e000)]
  0x00007fc944119000 JavaThread "C1 CompilerThread0" daemon [_thread_blocked, id=60089, stack(0x00007fc91978c000,0x00007fc91988d000)]
  0x00007fc94411b000 JavaThread "Sweeper thread" daemon [_thread_blocked, id=60090, stack(0x00007fc91968b000,0x00007fc91978c000)]
  0x00007fc944159000 JavaThread "Common-Cleaner" daemon [_thread_blocked, id=60091, stack(0x00007fc91958a000,0x00007fc91968b000)]
  0x00007fc9441bd800 JavaThread "JDWP Transport Listener: dt_socket" daemon [_thread_in_native, id=60094, stack(0x00007fc919489000,0x00007fc91958a000)]
  0x00007fc9441c1000 JavaThread "JDWP Event Helper Thread" daemon [_thread_blocked, id=60096, stack(0x00007fc919388000,0x00007fc919489000)]
  0x00007fc944501000 JavaThread "Notification Thread" daemon [_thread_blocked, id=60100, stack(0x00007fc919186000,0x00007fc919287000)]
  0x00007fc944f74800 JavaThread "MVStore background writer nio:/home/leticia/Documents/AleloChallenge/db/dbh2.db.mv.db" daemon [_thread_blocked, id=60108, stack(0x00007fc918e81000,0x00007fc918f82000)]
  0x00007fc944f78800 JavaThread "HikariPool-1 housekeeper" daemon [_thread_blocked, id=60109, stack(0x00007fc91837c000,0x00007fc91847d000)]
  0x00007fc94508e000 JavaThread "Catalina-utility-1" [_thread_blocked, id=60110, stack(0x00007fc91807b000,0x00007fc91817c000)]
  0x00007fc8bc002000 JavaThread "Catalina-utility-2" [_thread_blocked, id=60111, stack(0x00007fc8c3099000,0x00007fc8c319a000)]
  0x00007fc945091800 JavaThread "container-0" [_thread_blocked, id=60113, stack(0x00007fc8c32ff000,0x00007fc8c3400000)]
  0x00007fc945a71800 JavaThread "http-nio-8080-BlockPoller" daemon [_thread_in_native, id=60119, stack(0x00007fc8c31fe000,0x00007fc8c32ff000)]
  0x00007fc945a74000 JavaThread "http-nio-8080-exec-1" daemon [_thread_blocked, id=60120, stack(0x00007fc8c2c97000,0x00007fc8c2d98000)]
  0x00007fc945a75000 JavaThread "http-nio-8080-exec-2" daemon [_thread_blocked, id=60121, stack(0x00007fc8c1aaa000,0x00007fc8c1bab000)]
  0x00007fc945a76800 JavaThread "http-nio-8080-exec-3" daemon [_thread_blocked, id=60122, stack(0x00007fc8c19a9000,0x00007fc8c1aaa000)]
  0x00007fc945a78800 JavaThread "http-nio-8080-exec-4" daemon [_thread_blocked, id=60123, stack(0x00007fc8c18a8000,0x00007fc8c19a9000)]
  0x00007fc945a7a800 JavaThread "http-nio-8080-exec-5" daemon [_thread_blocked, id=60124, stack(0x00007fc8c17a7000,0x00007fc8c18a8000)]
  0x00007fc945a7c800 JavaThread "http-nio-8080-exec-6" daemon [_thread_blocked, id=60125, stack(0x00007fc8c16a6000,0x00007fc8c17a7000)]
  0x00007fc945a7e800 JavaThread "http-nio-8080-exec-7" daemon [_thread_blocked, id=60126, stack(0x00007fc8c15a5000,0x00007fc8c16a6000)]
  0x00007fc945a80800 JavaThread "http-nio-8080-exec-8" daemon [_thread_blocked, id=60127, stack(0x00007fc8c14a4000,0x00007fc8c15a5000)]
  0x00007fc945a82800 JavaThread "http-nio-8080-exec-9" daemon [_thread_blocked, id=60128, stack(0x00007fc8c13a3000,0x00007fc8c14a4000)]
  0x00007fc945a84000 JavaThread "http-nio-8080-exec-10" daemon [_thread_blocked, id=60129, stack(0x00007fc8c12a2000,0x00007fc8c13a3000)]
  0x00007fc945a87000 JavaThread "http-nio-8080-ClientPoller" daemon [_thread_in_native, id=60130, stack(0x00007fc8c11a1000,0x00007fc8c12a2000)]
  0x00007fc945a8e000 JavaThread "http-nio-8080-Acceptor" daemon [_thread_in_native, id=60131, stack(0x00007fc8c10a0000,0x00007fc8c11a1000)]
  0x00007fc94401b000 JavaThread "DestroyJavaVM" [_thread_blocked, id=60077, stack(0x00007fc9484ea000,0x00007fc9485eb000)]

Other Threads:
  0x00007fc944107000 VMThread "VM Thread" [stack: 0x00007fc9283d7000,0x00007fc9284d7000] [id=60083]
  0x00007fc94451a000 WatcherThread [stack: 0x00007fc919086000,0x00007fc919186000] [id=60101]
  0x00007fc944049000 GCTaskThread "GC Thread#0" [stack: 0x00007fc9295c1000,0x00007fc9296c1000] [id=60078]
  0x00007fc910001000 GCTaskThread "GC Thread#1" [stack: 0x00007fc918f84000,0x00007fc919084000] [id=60102]
  0x00007fc910003000 GCTaskThread "GC Thread#2" [stack: 0x00007fc918981000,0x00007fc918a81000] [id=60104]
  0x00007fc910005800 GCTaskThread "GC Thread#3" [stack: 0x00007fc91887f000,0x00007fc91897f000] [id=60105]
  0x00007fc944052800 ConcurrentGCThread "G1 Main Marker" [stack: 0x00007fc9294bf000,0x00007fc9295bf000] [id=60079]
  0x00007fc944054000 ConcurrentGCThread "G1 Conc#0" [stack: 0x00007fc9293bd000,0x00007fc9294bd000] [id=60080]
  0x00007fc944097000 ConcurrentGCThread "G1 Refine#0" [stack: 0x00007fc928eb7000,0x00007fc928fb7000] [id=60081]
  0x00007fc944098800 ConcurrentGCThread "G1 Young RemSet Sampling" [stack: 0x00007fc928db5000,0x00007fc928eb5000] [id=60082]

Threads with active compile tasks:

VM state:not at safepoint (normal execution)

VM Mutex/Monitor currently owned by a thread: None

Heap address: 0x00000000c3c00000, size: 964 MB, Compressed Oops mode: 32-bit
Narrow klass base: 0x0000000800000000, Narrow klass shift: 3
Compressed class space size: 1073741824 Address: 0x0000000800b18000

Heap:
 garbage-first heap   total 73728K, used 42128K [0x00000000c3c00000, 0x0000000100000000)
  region size 1024K, 22 young (22528K), 5 survivors (5120K)
 Metaspace       used 58377K, capacity 59748K, committed 59852K, reserved 1101824K
  class space    used 7617K, capacity 8136K, committed 8192K, reserved 1048576K
Heap Regions: E=young(eden), S=young(survivor), O=old, HS=humongous(starts), HC=humongous(continues), CS=collection set, F=free, OA=open archive, CA=closed archive, TAMS=top-at-mark-start (previous, next)
|   0|0x00000000c3c00000, 0x00000000c3d00000, 0x00000000c3d00000|100%|HS|  |TAMS 0x00000000c3d00000, 0x00000000c3c00000| Complete 
|   1|0x00000000c3d00000, 0x00000000c3e00000, 0x00000000c3e00000|100%| O|  |TAMS 0x00000000c3e00000, 0x00000000c3d00000| Untracked 
|   2|0x00000000c3e00000, 0x00000000c3f00000, 0x00000000c3f00000|100%| O|  |TAMS 0x00000000c3f00000, 0x00000000c3e00000| Untracked 
|   3|0x00000000c3f00000, 0x00000000c4000000, 0x00000000c4000000|100%| O|  |TAMS 0x00000000c4000000, 0x00000000c3f00000| Untracked 
|   4|0x00000000c4000000, 0x00000000c4100000, 0x00000000c4100000|100%| O|  |TAMS 0x00000000c4100000, 0x00000000c4000000| Untracked 
|   5|0x00000000c4100000, 0x00000000c4200000, 0x00000000c4200000|100%| O|  |TAMS 0x00000000c4200000, 0x00000000c4100000| Untracked 
|   6|0x00000000c4200000, 0x00000000c4300000, 0x00000000c4300000|100%| O|  |TAMS 0x00000000c4300000, 0x00000000c4200000| Untracked 
|   7|0x00000000c4300000, 0x00000000c435b000, 0x00000000c4400000| 35%| O|  |TAMS 0x00000000c435b000, 0x00000000c4300000| Untracked 
|   8|0x00000000c4400000, 0x00000000c4500000, 0x00000000c4500000|100%| O|  |TAMS 0x00000000c4500000, 0x00000000c4400000| Untracked 
|   9|0x00000000c4500000, 0x00000000c4600000, 0x00000000c4600000|100%| O|  |TAMS 0x00000000c4600000, 0x00000000c4500000| Untracked 
|  10|0x00000000c4600000, 0x00000000c4700000, 0x00000000c4700000|100%| O|  |TAMS 0x00000000c4700000, 0x00000000c4600000| Untracked 
|  11|0x00000000c4700000, 0x00000000c4800000, 0x00000000c4800000|100%| O|  |TAMS 0x00000000c4800000, 0x00000000c4700000| Untracked 
|  12|0x00000000c4800000, 0x00000000c4900000, 0x00000000c4900000|100%| O|  |TAMS 0x00000000c4900000, 0x00000000c4800000| Untracked 
|  13|0x00000000c4900000, 0x00000000c4a00000, 0x00000000c4a00000|100%| O|  |TAMS 0x00000000c4991c00, 0x00000000c4900000| Untracked 
|  14|0x00000000c4a00000, 0x00000000c4b00000, 0x00000000c4b00000|100%|HS|  |TAMS 0x00000000c4b00000, 0x00000000c4a00000| Complete 
|  15|0x00000000c4b00000, 0x00000000c4c00000, 0x00000000c4c00000|100%|HC|  |TAMS 0x00000000c4c00000, 0x00000000c4b00000| Complete 
|  16|0x00000000c4c00000, 0x00000000c4d00000, 0x00000000c4d00000|100%| O|  |TAMS 0x00000000c4c00000, 0x00000000c4c00000| Untracked 
|  17|0x00000000c4d00000, 0x00000000c4e00000, 0x00000000c4e00000|100%| O|  |TAMS 0x00000000c4d00000, 0x00000000c4d00000| Untracked 
|  18|0x00000000c4e00000, 0x00000000c4f00000, 0x00000000c4f00000|100%| O|  |TAMS 0x00000000c4e00000, 0x00000000c4e00000| Untracked 
|  19|0x00000000c4f00000, 0x00000000c5000000, 0x00000000c5000000|100%| O|  |TAMS 0x00000000c4f00000, 0x00000000c4f00000| Untracked 
|  20|0x00000000c5000000, 0x00000000c508f800, 0x00000000c5100000| 56%| O|  |TAMS 0x00000000c5000000, 0x00000000c5000000| Untracked 
|  21|0x00000000c5100000, 0x00000000c5100000, 0x00000000c5200000|  0%| F|  |TAMS 0x00000000c5100000, 0x00000000c5100000| Untracked 
|  22|0x00000000c5200000, 0x00000000c5200000, 0x00000000c5300000|  0%| F|  |TAMS 0x00000000c5200000, 0x00000000c5200000| Untracked 
|  23|0x00000000c5300000, 0x00000000c5300000, 0x00000000c5400000|  0%| F|  |TAMS 0x00000000c5300000, 0x00000000c5300000| Untracked 
|  24|0x00000000c5400000, 0x00000000c5400000, 0x00000000c5500000|  0%| F|  |TAMS 0x00000000c5400000, 0x00000000c5400000| Untracked 
|  25|0x00000000c5500000, 0x00000000c5500000, 0x00000000c5600000|  0%| F|  |TAMS 0x00000000c5500000, 0x00000000c5500000| Untracked 
|  26|0x00000000c5600000, 0x00000000c5600000, 0x00000000c5700000|  0%| F|  |TAMS 0x00000000c5600000, 0x00000000c5600000| Untracked 
|  27|0x00000000c5700000, 0x00000000c5700000, 0x00000000c5800000|  0%| F|  |TAMS 0x00000000c5700000, 0x00000000c5700000| Untracked 
|  28|0x00000000c5800000, 0x00000000c5800000, 0x00000000c5900000|  0%| F|  |TAMS 0x00000000c5800000, 0x00000000c5800000| Untracked 
|  29|0x00000000c5900000, 0x00000000c5900000, 0x00000000c5a00000|  0%| F|  |TAMS 0x00000000c5900000, 0x00000000c5900000| Untracked 
|  30|0x00000000c5a00000, 0x00000000c5a68930, 0x00000000c5b00000| 40%| S|CS|TAMS 0x00000000c5a00000, 0x00000000c5a00000| Complete 
|  31|0x00000000c5b00000, 0x00000000c5c00000, 0x00000000c5c00000|100%| S|CS|TAMS 0x00000000c5b00000, 0x00000000c5b00000| Complete 
|  32|0x00000000c5c00000, 0x00000000c5d00000, 0x00000000c5d00000|100%| S|CS|TAMS 0x00000000c5c00000, 0x00000000c5c00000| Complete 
|  33|0x00000000c5d00000, 0x00000000c5d00000, 0x00000000c5e00000|  0%| F|  |TAMS 0x00000000c5d00000, 0x00000000c5d00000| Untracked 
|  34|0x00000000c5e00000, 0x00000000c5e00000, 0x00000000c5f00000|  0%| F|  |TAMS 0x00000000c5e00000, 0x00000000c5e00000| Untracked 
|  35|0x00000000c5f00000, 0x00000000c6000000, 0x00000000c6000000|100%| S|CS|TAMS 0x00000000c5f00000, 0x00000000c5f00000| Complete 
|  36|0x00000000c6000000, 0x00000000c6100000, 0x00000000c6100000|100%| S|CS|TAMS 0x00000000c6000000, 0x00000000c6000000| Complete 
|  37|0x00000000c6100000, 0x00000000c6100000, 0x00000000c6200000|  0%| F|  |TAMS 0x00000000c6100000, 0x00000000c6100000| Untracked 
|  38|0x00000000c6200000, 0x00000000c6200000, 0x00000000c6300000|  0%| F|  |TAMS 0x00000000c6200000, 0x00000000c6200000| Untracked 
|  39|0x00000000c6300000, 0x00000000c6300000, 0x00000000c6400000|  0%| F|  |TAMS 0x00000000c6300000, 0x00000000c6300000| Untracked 
|  40|0x00000000c6400000, 0x00000000c6400000, 0x00000000c6500000|  0%| F|  |TAMS 0x00000000c6400000, 0x00000000c6400000| Untracked 
|  41|0x00000000c6500000, 0x00000000c6500000, 0x00000000c6600000|  0%| F|  |TAMS 0x00000000c6500000, 0x00000000c6500000| Untracked 
|  42|0x00000000c6600000, 0x00000000c6600000, 0x00000000c6700000|  0%| F|  |TAMS 0x00000000c6600000, 0x00000000c6600000| Untracked 
|  43|0x00000000c6700000, 0x00000000c6700000, 0x00000000c6800000|  0%| F|  |TAMS 0x00000000c6700000, 0x00000000c6700000| Untracked 
|  44|0x00000000c6800000, 0x00000000c6800000, 0x00000000c6900000|  0%| F|  |TAMS 0x00000000c6800000, 0x00000000c6800000| Untracked 
|  45|0x00000000c6900000, 0x00000000c6900000, 0x00000000c6a00000|  0%| F|  |TAMS 0x00000000c6900000, 0x00000000c6900000| Untracked 
|  46|0x00000000c6a00000, 0x00000000c6a00000, 0x00000000c6b00000|  0%| F|  |TAMS 0x00000000c6a00000, 0x00000000c6a00000| Untracked 
|  47|0x00000000c6b00000, 0x00000000c6b00000, 0x00000000c6c00000|  0%| F|  |TAMS 0x00000000c6b00000, 0x00000000c6b00000| Untracked 
|  48|0x00000000c6c00000, 0x00000000c6c00000, 0x00000000c6d00000|  0%| F|  |TAMS 0x00000000c6c00000, 0x00000000c6c00000| Untracked 
|  49|0x00000000c6d00000, 0x00000000c6d00000, 0x00000000c6e00000|  0%| F|  |TAMS 0x00000000c6d00000, 0x00000000c6d00000| Untracked 
|  50|0x00000000c6e00000, 0x00000000c6e00000, 0x00000000c6f00000|  0%| F|  |TAMS 0x00000000c6e00000, 0x00000000c6e00000| Untracked 
|  51|0x00000000c6f00000, 0x00000000c6f00000, 0x00000000c7000000|  0%| F|  |TAMS 0x00000000c6f00000, 0x00000000c6f00000| Untracked 
|  52|0x00000000c7000000, 0x00000000c7000000, 0x00000000c7100000|  0%| F|  |TAMS 0x00000000c7000000, 0x00000000c7000000| Untracked 
|  53|0x00000000c7100000, 0x00000000c712ec40, 0x00000000c7200000| 18%| E|  |TAMS 0x00000000c7100000, 0x00000000c7100000| Complete 
|  54|0x00000000c7200000, 0x00000000c7300000, 0x00000000c7300000|100%| E|CS|TAMS 0x00000000c7200000, 0x00000000c7200000| Complete 
|  55|0x00000000c7300000, 0x00000000c7400000, 0x00000000c7400000|100%| E|CS|TAMS 0x00000000c7300000, 0x00000000c7300000| Complete 
|  56|0x00000000c7400000, 0x00000000c7500000, 0x00000000c7500000|100%| E|CS|TAMS 0x00000000c7400000, 0x00000000c7400000| Complete 
|  57|0x00000000c7500000, 0x00000000c7600000, 0x00000000c7600000|100%| E|CS|TAMS 0x00000000c7500000, 0x00000000c7500000| Complete 
|  58|0x00000000c7600000, 0x00000000c7700000, 0x00000000c7700000|100%| E|CS|TAMS 0x00000000c7600000, 0x00000000c7600000| Complete 
|  59|0x00000000c7700000, 0x00000000c7800000, 0x00000000c7800000|100%| E|CS|TAMS 0x00000000c7700000, 0x00000000c7700000| Complete 
|  60|0x00000000c7800000, 0x00000000c7900000, 0x00000000c7900000|100%| E|CS|TAMS 0x00000000c7800000, 0x00000000c7800000| Complete 
|  61|0x00000000c7900000, 0x00000000c7a00000, 0x00000000c7a00000|100%| E|CS|TAMS 0x00000000c7900000, 0x00000000c7900000| Complete 
|  62|0x00000000c7a00000, 0x00000000c7b00000, 0x00000000c7b00000|100%| E|CS|TAMS 0x00000000c7a00000, 0x00000000c7a00000| Complete 
|  63|0x00000000c7b00000, 0x00000000c7c00000, 0x00000000c7c00000|100%| E|CS|TAMS 0x00000000c7b00000, 0x00000000c7b00000| Complete 
|  64|0x00000000c7c00000, 0x00000000c7d00000, 0x00000000c7d00000|100%| E|CS|TAMS 0x00000000c7c00000, 0x00000000c7c00000| Complete 
|  65|0x00000000c7d00000, 0x00000000c7e00000, 0x00000000c7e00000|100%| E|CS|TAMS 0x00000000c7d00000, 0x00000000c7d00000| Complete 
|  66|0x00000000c7e00000, 0x00000000c7f00000, 0x00000000c7f00000|100%| E|CS|TAMS 0x00000000c7e00000, 0x00000000c7e00000| Complete 
|  67|0x00000000c7f00000, 0x00000000c8000000, 0x00000000c8000000|100%| E|CS|TAMS 0x00000000c7f00000, 0x00000000c7f00000| Complete 
|  68|0x00000000c8000000, 0x00000000c8100000, 0x00000000c8100000|100%| E|CS|TAMS 0x00000000c8000000, 0x00000000c8000000| Complete 
|  69|0x00000000c8100000, 0x00000000c8200000, 0x00000000c8200000|100%| E|CS|TAMS 0x00000000c8100000, 0x00000000c8100000| Complete 
| 962|0x00000000ffe00000, 0x00000000ffe52000, 0x00000000fff00000| 32%|OA|  |TAMS 0x00000000ffe52000, 0x00000000ffe00000| Untracked 
| 963|0x00000000fff00000, 0x00000000fff7f000, 0x0000000100000000| 49%|CA|  |TAMS 0x00000000fff7f000, 0x00000000fff00000| Untracked 

Card table byte_map: [0x00007fc92b6c3000,0x00007fc92b8a5000] _byte_map_base: 0x00007fc92b0a5000

Marking Bits (Prev, Next): (CMBitMap*) 0x00007fc94404a158, (CMBitMap*) 0x00007fc94404a118
 Prev Bits: [0x00007fc9296c1000, 0x00007fc92a5d1000)
 Next Bits: [0x00007fc92a5d1000, 0x00007fc92b4e1000)

Polling page: 0x00007fc949e05000

Metaspace:

Usage:
  Non-class:     50,40 MB capacity,    49,57 MB ( 98%) used,   675,05 KB (  1%) free+waste,   177,19 KB ( <1%) overhead. 
      Class:      7,95 MB capacity,     7,44 MB ( 94%) used,   437,36 KB (  5%) free+waste,    80,81 KB ( <1%) overhead. 
       Both:     58,35 MB capacity,    57,01 MB ( 98%) used,     1,09 MB (  2%) free+waste,   258,00 KB ( <1%) overhead. 

Virtual space:
  Non-class space:       52,00 MB reserved,      50,45 MB ( 97%) committed 
      Class space:        1,00 GB reserved,       8,00 MB ( <1%) committed 
             Both:        1,05 GB reserved,      58,45 MB (  5%) committed 

Chunk freelists:
   Non-Class:  48,00 KB
       Class:  24,00 KB
        Both:  72,00 KB

MaxMetaspaceSize: unlimited
CompressedClassSpaceSize: 1,00 GB

CodeHeap 'non-profiled nmethods': size=120032Kb used=2568Kb max_used=2568Kb free=117463Kb
 bounds [0x00007fc933751000, 0x00007fc9339e1000, 0x00007fc93ac89000]
CodeHeap 'profiled nmethods': size=120028Kb used=10578Kb max_used=10578Kb free=109449Kb
 bounds [0x00007fc92c21a000, 0x00007fc92cc7a000, 0x00007fc933751000]
CodeHeap 'non-nmethods': size=5700Kb used=1394Kb max_used=1446Kb free=4305Kb
 bounds [0x00007fc92bc89000, 0x00007fc92bef9000, 0x00007fc92c21a000]
 total_blobs=5339 nmethods=4722 adapters=528
 compilation: enabled
              stopped_count=0, restarted_count=0
 full_count=0

Compilation events (20 events):
Event: 1782,609 Thread 0x00007fc944119000 4780       3       java.util.HashMap::containsKey (18 bytes)
Event: 1782,610 Thread 0x00007fc944119000 nmethod 4780 0x00007fc92cc6c810 code [0x00007fc92cc6c9c0, 0x00007fc92cc6cd10]
Event: 1782,610 Thread 0x00007fc944119000 4781       3       java.lang.AbstractStringBuilder::append (55 bytes)
Event: 1782,611 Thread 0x00007fc944119000 nmethod 4781 0x00007fc92cc6ce10 code [0x00007fc92cc6cfe0, 0x00007fc92cc6d330]
Event: 1791,325 Thread 0x00007fc944117000 4782       4       java.util.concurrent.locks.ReentrantLock::isHeldByCurrentThread (8 bytes)
Event: 1791,328 Thread 0x00007fc944117000 nmethod 4782 0x00007fc9339d0510 code [0x00007fc9339d06a0, 0x00007fc9339d0778]
Event: 1799,361 Thread 0x00007fc944119000 4783       3       java.util.Properties::containsKey (9 bytes)
Event: 1799,361 Thread 0x00007fc944119000 nmethod 4783 0x00007fc92cc6d490 code [0x00007fc92cc6d620, 0x00007fc92cc6d820]
Event: 1799,361 Thread 0x00007fc944119000 4784       3       org.h2.util.Utils::parseBoolean (161 bytes)
Event: 1799,364 Thread 0x00007fc944119000 nmethod 4784 0x00007fc92cc6d910 code [0x00007fc92cc6dba0, 0x00007fc92cc6e500]
Event: 1800,536 Thread 0x00007fc944117000 4785 %     4       sun.security.provider.SHA2::implCompress0 @ 3 (322 bytes)
Event: 1800,537 Thread 0x00007fc944119000 4786       3       org.h2.engine.Database::getModificationMetaId (8 bytes)
Event: 1800,537 Thread 0x00007fc944119000 nmethod 4786 0x00007fc92cc6e790 code [0x00007fc92cc6e920, 0x00007fc92cc6ea70]
Event: 1800,632 Thread 0x00007fc944117000 nmethod 4785% 0x00007fc9339d0810 code [0x00007fc9339d0a80, 0x00007fc9339d1b38]
Event: 1836,996 Thread 0x00007fc944117000 4787       4       java.util.concurrent.locks.AbstractQueuedSynchronizer$ConditionObject::enableWait (84 bytes)
Event: 1837,007 Thread 0x00007fc944117000 nmethod 4787 0x00007fc9339d1f10 code [0x00007fc9339d2140, 0x00007fc9339d2868]
Event: 1890,608 Thread 0x00007fc944117000 4788       4       org.h2.mvstore.MVStore::isBackgroundThread (19 bytes)
Event: 1890,609 Thread 0x00007fc944117000 nmethod 4788 0x00007fc9339d2b10 code [0x00007fc9339d2ca0, 0x00007fc9339d2d98]
Event: 1896,996 Thread 0x00007fc944119000 4789       1       com.zaxxer.hikari.pool.HikariPool::access$400 (5 bytes)
Event: 1896,996 Thread 0x00007fc944119000 nmethod 4789 0x00007fc9339d2e90 code [0x00007fc9339d3020, 0x00007fc9339d30b0]

GC Heap History (20 events):
Event: 4,393 GC heap before
{Heap before GC invocations=6 (full 0):
 garbage-first heap   total 65536K, used 24002K [0x00000000c3c00000, 0x0000000100000000)
  region size 1024K, 18 young (18432K), 4 survivors (4096K)
 Metaspace       used 20558K, capacity 21056K, committed 21248K, reserved 1067008K
  class space    used 2551K, capacity 2737K, committed 2816K, reserved 1048576K
}
Event: 4,400 GC heap after
{Heap after GC invocations=7 (full 0):
 garbage-first heap   total 65536K, used 11247K [0x00000000c3c00000, 0x0000000100000000)
  region size 1024K, 3 young (3072K), 3 survivors (3072K)
 Metaspace       used 20558K, capacity 21056K, committed 21248K, reserved 1067008K
  class space    used 2551K, capacity 2737K, committed 2816K, reserved 1048576K
}
Event: 5,094 GC heap before
{Heap before GC invocations=8 (full 0):
 garbage-first heap   total 51200K, used 38895K [0x00000000c3c00000, 0x0000000100000000)
  region size 1024K, 30 young (30720K), 3 survivors (3072K)
 Metaspace       used 23394K, capacity 24018K, committed 24192K, reserved 1071104K
  class space    used 2943K, capacity 3162K, committed 3200K, reserved 1048576K
}
Event: 5,102 GC heap after
{Heap after GC invocations=9 (full 0):
 garbage-first heap   total 51200K, used 12446K [0x00000000c3c00000, 0x0000000100000000)
  region size 1024K, 3 young (3072K), 3 survivors (3072K)
 Metaspace       used 23394K, capacity 24018K, committed 24192K, reserved 1071104K
  class space    used 2943K, capacity 3162K, committed 3200K, reserved 1048576K
}
Event: 5,937 GC heap before
{Heap before GC invocations=9 (full 0):
 garbage-first heap   total 51200K, used 38046K [0x00000000c3c00000, 0x0000000100000000)
  region size 1024K, 28 young (28672K), 3 survivors (3072K)
 Metaspace       used 26995K, capacity 27826K, committed 28160K, reserved 1073152K
  class space    used 3417K, capacity 3741K, committed 3840K, reserved 1048576K
}
Event: 5,949 GC heap after
{Heap after GC invocations=10 (full 0):
 garbage-first heap   total 61440K, used 13918K [0x00000000c3c00000, 0x0000000100000000)
  region size 1024K, 4 young (4096K), 4 survivors (4096K)
 Metaspace       used 26995K, capacity 27826K, committed 28160K, reserved 1073152K
  class space    used 3417K, capacity 3741K, committed 3840K, reserved 1048576K
}
Event: 6,263 GC heap before
{Heap before GC invocations=10 (full 0):
 garbage-first heap   total 61440K, used 45662K [0x00000000c3c00000, 0x0000000100000000)
  region size 1024K, 36 young (36864K), 4 survivors (4096K)
 Metaspace       used 28895K, capacity 29779K, committed 29824K, reserved 1075200K
  class space    used 3600K, capacity 3943K, committed 3968K, reserved 1048576K
}
Event: 6,277 GC heap after
{Heap after GC invocations=11 (full 0):
 garbage-first heap   total 61440K, used 15202K [0x00000000c3c00000, 0x0000000100000000)
  region size 1024K, 3 young (3072K), 3 survivors (3072K)
 Metaspace       used 28895K, capacity 29779K, committed 29824K, reserved 1075200K
  class space    used 3600K, capacity 3943K, committed 3968K, reserved 1048576K
}
Event: 6,749 GC heap before
{Heap before GC invocations=11 (full 0):
 garbage-first heap   total 61440K, used 46946K [0x00000000c3c00000, 0x0000000100000000)
  region size 1024K, 35 young (35840K), 3 survivors (3072K)
 Metaspace       used 31953K, capacity 32856K, committed 33024K, reserved 1077248K
  class space    used 3930K, capacity 4285K, committed 4352K, reserved 1048576K
}
Event: 6,759 GC heap after
{Heap after GC invocations=12 (full 0):
 garbage-first heap   total 61440K, used 16375K [0x00000000c3c00000, 0x0000000100000000)
  region size 1024K, 3 young (3072K), 3 survivors (3072K)
 Metaspace       used 31953K, capacity 32856K, committed 33024K, reserved 1077248K
  class space    used 3930K, capacity 4285K, committed 4352K, reserved 1048576K
}
Event: 7,074 GC heap before
{Heap before GC invocations=12 (full 0):
 garbage-first heap   total 61440K, used 32759K [0x00000000c3c00000, 0x0000000100000000)
  region size 1024K, 20 young (20480K), 3 survivors (3072K)
 Metaspace       used 34907K, capacity 35747K, committed 35840K, reserved 1081344K
  class space    used 4260K, capacity 4586K, committed 4608K, reserved 1048576K
}
Event: 7,080 GC heap after
{Heap after GC invocations=13 (full 0):
 garbage-first heap   total 61440K, used 16764K [0x00000000c3c00000, 0x0000000100000000)
  region size 1024K, 3 young (3072K), 3 survivors (3072K)
 Metaspace       used 34907K, capacity 35747K, committed 35840K, reserved 1081344K
  class space    used 4260K, capacity 4586K, committed 4608K, reserved 1048576K
}
Event: 7,618 GC heap before
{Heap before GC invocations=14 (full 0):
 garbage-first heap   total 61440K, used 49532K [0x00000000c3c00000, 0x0000000100000000)
  region size 1024K, 33 young (33792K), 3 survivors (3072K)
 Metaspace       used 41399K, capacity 42348K, committed 42828K, reserved 1087488K
  class space    used 5300K, capacity 5634K, committed 5760K, reserved 1048576K
}
Event: 7,626 GC heap after
{Heap after GC invocations=15 (full 0):
 garbage-first heap   total 73728K, used 20019K [0x00000000c3c00000, 0x0000000100000000)
  region size 1024K, 4 young (4096K), 4 survivors (4096K)
 Metaspace       used 41399K, capacity 42348K, committed 42828K, reserved 1087488K
  class space    used 5300K, capacity 5634K, committed 5760K, reserved 1048576K
}
Event: 9,160 GC heap before
{Heap before GC invocations=16 (full 0):
 garbage-first heap   total 73728K, used 57907K [0x00000000c3c00000, 0x0000000100000000)
  region size 1024K, 41 young (41984K), 4 survivors (4096K)
 Metaspace       used 48701K, capacity 49708K, committed 50380K, reserved 1093632K
  class space    used 6431K, capacity 6786K, committed 6912K, reserved 1048576K
}
Event: 9,174 GC heap after
{Heap after GC invocations=17 (full 0):
 garbage-first heap   total 73728K, used 21450K [0x00000000c3c00000, 0x0000000100000000)
  region size 1024K, 4 young (4096K), 4 survivors (4096K)
 Metaspace       used 48701K, capacity 49708K, committed 50380K, reserved 1093632K
  class space    used 6431K, capacity 6786K, committed 6912K, reserved 1048576K
}
Event: 9,922 GC heap before
{Heap before GC invocations=17 (full 0):
 garbage-first heap   total 73728K, used 57290K [0x00000000c3c00000, 0x0000000100000000)
  region size 1024K, 39 young (39936K), 4 survivors (4096K)
 Metaspace       used 52912K, capacity 54113K, committed 54348K, reserved 1095680K
  class space    used 6970K, capacity 7441K, committed 7552K, reserved 1048576K
}
Event: 9,935 GC heap after
{Heap after GC invocations=18 (full 0):
 garbage-first heap   total 73728K, used 23653K [0x00000000c3c00000, 0x0000000100000000)
  region size 1024K, 5 young (5120K), 5 survivors (5120K)
 Metaspace       used 52912K, capacity 54113K, committed 54348K, reserved 1095680K
  class space    used 6970K, capacity 7441K, committed 7552K, reserved 1048576K
}
Event: 31,472 GC heap before
{Heap before GC invocations=18 (full 0):
 garbage-first heap   total 73728K, used 57445K [0x00000000c3c00000, 0x0000000100000000)
  region size 1024K, 38 young (38912K), 5 survivors (5120K)
 Metaspace       used 56651K, capacity 57988K, committed 58060K, reserved 1099776K
  class space    used 7421K, capacity 7915K, committed 7936K, reserved 1048576K
}
Event: 31,492 GC heap after
{Heap after GC invocations=19 (full 0):
 garbage-first heap   total 73728K, used 25744K [0x00000000c3c00000, 0x0000000100000000)
  region size 1024K, 5 young (5120K), 5 survivors (5120K)
 Metaspace       used 56651K, capacity 57988K, committed 58060K, reserved 1099776K
  class space    used 7421K, capacity 7915K, committed 7936K, reserved 1048576K
}

Deoptimization events (20 events):
Event: 122,361 Thread 0x00007fc945a7c800 Uncommon trap: trap_request=0xffffff45 fr.pc=0x00007fc9337dd6a8 relative=0x0000000000000728
Event: 122,361 Thread 0x00007fc945a7c800 Uncommon trap: reason=unstable_if action=reinterpret pc=0x00007fc9337dd6a8 method=java.lang.Integer.stringSize(I)I @ 3 c2
Event: 122,361 Thread 0x00007fc945a7c800 DEOPT PACKING pc=0x00007fc9337dd6a8 sp=0x00007fc8c17a2f80
Event: 122,361 Thread 0x00007fc945a7c800 DEOPT UNPACKING pc=0x00007fc92bcd1e25 sp=0x00007fc8c17a2ee0 mode 2
Event: 123,172 Thread 0x00007fc945a7c800 Uncommon trap: trap_request=0xffffff45 fr.pc=0x00007fc9338ef464 relative=0x0000000000000124
Event: 123,172 Thread 0x00007fc945a7c800 Uncommon trap: reason=unstable_if action=reinterpret pc=0x00007fc9338ef464 method=java.lang.CharacterDataLatin1.digit(II)I @ 7 c2
Event: 123,172 Thread 0x00007fc945a7c800 DEOPT PACKING pc=0x00007fc9338ef464 sp=0x00007fc8c17a3020
Event: 123,172 Thread 0x00007fc945a7c800 DEOPT UNPACKING pc=0x00007fc92bcd1e25 sp=0x00007fc8c17a2f20 mode 2
Event: 123,286 Thread 0x00007fc945a7c800 Uncommon trap: trap_request=0xffffff45 fr.pc=0x00007fc9338c4000 relative=0x00000000000002e0
Event: 123,286 Thread 0x00007fc945a7c800 Uncommon trap: reason=unstable_if action=reinterpret pc=0x00007fc9338c4000 method=sun.nio.cs.UTF_8$Decoder.decodeArrayLoop(Ljava/nio/ByteBuffer;Ljava/nio/CharBuffer;)Ljava/nio/charset/CoderResult; @ 84 c2
Event: 123,286 Thread 0x00007fc945a7c800 DEOPT PACKING pc=0x00007fc9338c4000 sp=0x00007fc8c17a2fb0
Event: 123,286 Thread 0x00007fc945a7c800 DEOPT UNPACKING pc=0x00007fc92bcd1e25 sp=0x00007fc8c17a2f20 mode 2
Event: 123,307 Thread 0x00007fc945a7c800 Uncommon trap: trap_request=0xffffff45 fr.pc=0x00007fc9337ca1e4 relative=0x0000000000000224
Event: 123,307 Thread 0x00007fc945a7c800 Uncommon trap: reason=unstable_if action=reinterpret pc=0x00007fc9337ca1e4 method=java.lang.StringCoding.encodeUTF8(B[BZ)[B @ 18 c2
Event: 123,307 Thread 0x00007fc945a7c800 DEOPT PACKING pc=0x00007fc9337ca1e4 sp=0x00007fc8c17a39b0
Event: 123,307 Thread 0x00007fc945a7c800 DEOPT UNPACKING pc=0x00007fc92bcd1e25 sp=0x00007fc8c17a3970 mode 2
Event: 1762,417 Thread 0x00007fc8c8056800 Uncommon trap: trap_request=0xffffff45 fr.pc=0x00007fc9339bc0d8 relative=0x00000000000000b8
Event: 1762,417 Thread 0x00007fc8c8056800 Uncommon trap: reason=unstable_if action=reinterpret pc=0x00007fc9339bc0d8 method=org.h2.mvstore.MVStore.isBackgroundThread()Z @ 10 c2
Event: 1762,417 Thread 0x00007fc8c8056800 DEOPT PACKING pc=0x00007fc9339bc0d8 sp=0x00007fc8c3097620
Event: 1762,417 Thread 0x00007fc8c8056800 DEOPT UNPACKING pc=0x00007fc92bcd1e25 sp=0x00007fc8c30975d8 mode 2

Classes unloaded (0 events):
No events

Classes redefined (0 events):
No events

Internal exceptions (20 events):
Event: 9,572 Thread 0x00007fc94401b000 Exception <a 'java/lang/IncompatibleClassChangeError'{0x00000000c71ee9a8}: Found class java.lang.Object, but interface was expected> (0x00000000c71ee9a8) 
thrown [src/hotspot/share/interpreter/linkResolver.cpp, line 832]
Event: 9,681 Thread 0x00007fc94401b000 Exception <a 'java/lang/reflect/InvocationTargetException'{0x00000000c6921958}> (0x00000000c6921958) 
thrown [src/hotspot/share/runtime/reflection.cpp, line 1186]
Event: 9,696 Thread 0x00007fc94401b000 Exception <a 'java/lang/NoSuchMethodError'{0x00000000c69ae568}: 'int java.lang.invoke.DirectMethodHandle$Holder.invokeStatic(java.lang.Object, java.lang.Object, int)'> (0x00000000c69ae568) 
thrown [src/hotspot/share/interpreter/linkResolver.cpp, line 765]
Event: 9,699 Thread 0x00007fc94401b000 Exception <a 'java/lang/NoSuchMethodError'{0x00000000c69d3bb0}: 'java.lang.Object java.lang.invoke.Invokers$Holder.linkToTargetMethod(java.lang.Object, int, java.lang.Object)'> (0x00000000c69d3bb0) 
thrown [src/hotspot/share/interpreter/linkResolver.cpp, line 765]
Event: 9,705 Thread 0x00007fc94401b000 Exception <a 'java/lang/IncompatibleClassChangeError'{0x00000000c6812e88}: Found class java.lang.Object, but interface was expected> (0x00000000c6812e88) 
thrown [src/hotspot/share/interpreter/linkResolver.cpp, line 832]
Event: 9,787 Thread 0x00007fc94401b000 Exception <a 'java/lang/NoSuchMethodError'{0x00000000c65c0db8}: 'java.lang.Object java.lang.invoke.DirectMethodHandle$Holder.invokeInterface(java.lang.Object, java.lang.Object, java.lang.Object, java.lang.Object)'> (0x00000000c65c0db8) 
thrown [src/hotspot/share/interpreter/linkResolver.cpp, line 765]
Event: 9,828 Thread 0x00007fc94401b000 Exception <a 'java/lang/ClassNotFoundException'{0x00000000c63b2608}: java/lang/ObjectCustomizer> (0x00000000c63b2608) 
thrown [src/hotspot/share/classfile/systemDictionary.cpp, line 226]
Event: 9,828 Thread 0x00007fc94401b000 Exception <a 'java/lang/ClassNotFoundException'{0x00000000c63ce320}: org/springframework/web/servlet/config/annotation/WebMvcConfigurationSupportCustomizer> (0x00000000c63ce320) 
thrown [src/hotspot/share/classfile/systemDictionary.cpp, line 226]
Event: 9,830 Thread 0x00007fc94401b000 Exception <a 'java/lang/ClassNotFoundException'{0x00000000c63f4be8}: org/springframework/web/servlet/config/annotation/DelegatingWebMvcConfigurationCustomizer> (0x00000000c63f4be8) 
thrown [src/hotspot/share/classfile/systemDictionary.cpp, line 226]
Event: 9,831 Thread 0x00007fc94401b000 Exception <a 'java/lang/ClassNotFoundException'{0x00000000c6215550}: org/springframework/boot/autoconfigure/web/servlet/WebMvcAutoConfiguration$EnableWebMvcConfigurationCustomizer> (0x00000000c6215550) 
thrown [src/hotspot/share/classfile/systemDictionary.cpp, line 226]
Event: 9,833 Thread 0x00007fc94401b000 Exception <a 'java/lang/ClassNotFoundException'{0x00000000c6236318}: org/springframework/context/ResourceLoaderAwareCustomizer> (0x00000000c6236318) 
thrown [src/hotspot/share/classfile/systemDictionary.cpp, line 226]
Event: 9,833 Thread 0x00007fc94401b000 Exception <a 'java/lang/ClassNotFoundException'{0x00000000c62498f0}: org/springframework/beans/factory/AwareCustomizer> (0x00000000c62498f0) 
thrown [src/hotspot/share/classfile/systemDictionary.cpp, line 226]
Event: 9,834 Thread 0x00007fc94401b000 Exception <a 'java/lang/ClassNotFoundException'{0x00000000c625df38}: org/springframework/context/ApplicationContextAwareCustomizer> (0x00000000c625df38) 
thrown [src/hotspot/share/classfile/systemDictionary.cpp, line 226]
Event: 9,835 Thread 0x00007fc94401b000 Exception <a 'java/lang/ClassNotFoundException'{0x00000000c62720f0}: org/springframework/beans/factory/AwareCustomizer> (0x00000000c62720f0) 
thrown [src/hotspot/share/classfile/systemDictionary.cpp, line 226]
Event: 9,836 Thread 0x00007fc94401b000 Exception <a 'java/lang/ClassNotFoundException'{0x00000000c6286950}: org/springframework/web/context/ServletContextAwareCustomizer> (0x00000000c6286950) 
thrown [src/hotspot/share/classfile/systemDictionary.cpp, line 226]
Event: 9,836 Thread 0x00007fc94401b000 Exception <a 'java/lang/ClassNotFoundException'{0x00000000c629a390}: org/springframework/beans/factory/AwareCustomizer> (0x00000000c629a390) 
thrown [src/hotspot/share/classfile/systemDictionary.cpp, line 226]
Event: 10,095 Thread 0x00007fc94401b000 Exception <a 'java/lang/NoSuchMethodError'{0x00000000c7a1f290}: 'void java.lang.invoke.DirectMethodHandle$Holder.invokeVirtual(java.lang.Object, java.lang.Object, int)'> (0x00000000c7a1f290) 
thrown [src/hotspot/share/interpreter/linkResolver.cpp, line 765]
Event: 10,099 Thread 0x00007fc94401b000 Exception <a 'java/lang/NoSuchMethodError'{0x00000000c7a38238}: 'void java.lang.invoke.DirectMethodHandle$Holder.invokeVirtual(java.lang.Object, java.lang.Object, long)'> (0x00000000c7a38238) 
thrown [src/hotspot/share/interpreter/linkResolver.cpp, line 765]
Event: 10,226 Thread 0x00007fc94401b000 Exception <a 'java/lang/IncompatibleClassChangeError'{0x00000000c72a60e8}: Found class java.lang.Object, but interface was expected> (0x00000000c72a60e8) 
thrown [src/hotspot/share/interpreter/linkResolver.cpp, line 832]
Event: 10,289 Thread 0x00007fc94401b000 Exception <a 'java/lang/NoSuchMethodError'{0x00000000c70e7f48}: 'int java.lang.invoke.DirectMethodHandle$Holder.invokeStaticInit(java.lang.Object, java.lang.Object, java.lang.Object, java.lang.Object)'> (0x00000000c70e7f48) 
thrown [src/hotspot/share/interpreter/linkResolver.cpp, line 765]

Events (20 events):
Event: 1802,009 Executing VM operation: HandshakeOneThread
Event: 1802,009 Executing VM operation: HandshakeOneThread done
Event: 1802,009 Executing VM operation: HandshakeOneThread
Event: 1802,009 Executing VM operation: HandshakeOneThread done
Event: 1806,864 Executing VM operation: HandshakeOneThread
Event: 1806,864 Executing VM operation: HandshakeOneThread done
Event: 1806,864 Executing VM operation: HandshakeOneThread
Event: 1806,864 Executing VM operation: HandshakeOneThread done
Event: 1811,864 Executing VM operation: HandshakeOneThread
Event: 1811,864 Executing VM operation: HandshakeOneThread done
Event: 1811,864 Thread 0x00007fc8c8056800 Thread exited: 0x00007fc8c8056800
Event: 1811,865 Executing VM operation: HandshakeOneThread
Event: 1811,865 Executing VM operation: HandshakeOneThread done
Event: 1811,865 Thread 0x00007fc8c8057000 Thread exited: 0x00007fc8c8057000
Event: 2170,745 Thread 0x00007fc8e4001000 Thread exited: 0x00007fc8e4001000
Event: 2170,751 Executing VM operation: HandshakeOneThread
Event: 2170,806 Executing VM operation: HandshakeOneThread done
Event: 2170,806 Executing VM operation: HandshakeOneThread
Event: 2170,806 Executing VM operation: HandshakeOneThread done
Event: 2171,011 loading class jdk/internal/misc/Signal$1


Dynamic libraries:
c3c00000-c8200000 rw-p 00000000 00:00 0 
c8200000-ffe00000 ---p 00000000 00:00 0 
ffe00000-ffe52000 rw-p 00bc5000 08:02 4328618                            /usr/lib/jvm/java-14-openjdk-amd64/lib/server/classes.jsa
ffe52000-fff00000 rw-p 00000000 00:00 0 
fff00000-fff7f000 rw-p 00b46000 08:02 4328618                            /usr/lib/jvm/java-14-openjdk-amd64/lib/server/classes.jsa
fff7f000-100000000 rw-p 00000000 00:00 0 
800000000-800003000 rwxp 00001000 08:02 4328618                          /usr/lib/jvm/java-14-openjdk-amd64/lib/server/classes.jsa
800003000-800b18000 rw-p 00004000 08:02 4328618                          /usr/lib/jvm/java-14-openjdk-amd64/lib/server/classes.jsa
800b18000-801318000 rw-p 00000000 00:00 0 
801318000-840b18000 ---p 00000000 00:00 0 
55c4efd5e000-55c4efd5f000 r--p 00000000 08:02 3672704                    /usr/lib/jvm/java-14-openjdk-amd64/bin/java
55c4efd5f000-55c4efd60000 r-xp 00001000 08:02 3672704                    /usr/lib/jvm/java-14-openjdk-amd64/bin/java
55c4efd60000-55c4efd61000 r--p 00002000 08:02 3672704                    /usr/lib/jvm/java-14-openjdk-amd64/bin/java
55c4efd61000-55c4efd62000 r--p 00002000 08:02 3672704                    /usr/lib/jvm/java-14-openjdk-amd64/bin/java
55c4efd62000-55c4efd63000 rw-p 00003000 08:02 3672704                    /usr/lib/jvm/java-14-openjdk-amd64/bin/java
55c4f08ff000-55c4f0990000 rw-p 00000000 00:00 0                          [heap]
7fc8a4000000-7fc8a4021000 rw-p 00000000 00:00 0 
7fc8a4021000-7fc8a8000000 ---p 00000000 00:00 0 
7fc8ac000000-7fc8ac021000 rw-p 00000000 00:00 0 
7fc8ac021000-7fc8b0000000 ---p 00000000 00:00 0 
7fc8b0000000-7fc8b0151000 rw-p 00000000 00:00 0 
7fc8b0151000-7fc8b4000000 ---p 00000000 00:00 0 
7fc8b4000000-7fc8b4021000 rw-p 00000000 00:00 0 
7fc8b4021000-7fc8b8000000 ---p 00000000 00:00 0 
7fc8b8000000-7fc8b810b000 rw-p 00000000 00:00 0 
7fc8b810b000-7fc8bc000000 ---p 00000000 00:00 0 
7fc8bc000000-7fc8bc021000 rw-p 00000000 00:00 0 
7fc8bc021000-7fc8c0000000 ---p 00000000 00:00 0 
7fc8c0b9f000-7fc8c0ba3000 ---p 00000000 00:00 0 
7fc8c0ba3000-7fc8c0d20000 rw-p 00000000 00:00 0 
7fc8c0d20000-7fc8c0ea0000 ---p 00000000 00:00 0 
7fc8c0ea0000-7fc8c10a0000 rw-p 00000000 00:00 0 
7fc8c10a0000-7fc8c10a4000 ---p 00000000 00:00 0 
7fc8c10a4000-7fc8c11a1000 rw-p 00000000 00:00 0 
7fc8c11a1000-7fc8c11a5000 ---p 00000000 00:00 0 
7fc8c11a5000-7fc8c12a2000 rw-p 00000000 00:00 0 
7fc8c12a2000-7fc8c12a6000 ---p 00000000 00:00 0 
7fc8c12a6000-7fc8c13a3000 rw-p 00000000 00:00 0 
7fc8c13a3000-7fc8c13a7000 ---p 00000000 00:00 0 
7fc8c13a7000-7fc8c14a4000 rw-p 00000000 00:00 0 
7fc8c14a4000-7fc8c14a8000 ---p 00000000 00:00 0 
7fc8c14a8000-7fc8c15a5000 rw-p 00000000 00:00 0 
7fc8c15a5000-7fc8c15a9000 ---p 00000000 00:00 0 
7fc8c15a9000-7fc8c16a6000 rw-p 00000000 00:00 0 
7fc8c16a6000-7fc8c16aa000 ---p 00000000 00:00 0 
7fc8c16aa000-7fc8c17a7000 rw-p 00000000 00:00 0 
7fc8c17a7000-7fc8c17ab000 ---p 00000000 00:00 0 
7fc8c17ab000-7fc8c18a8000 rw-p 00000000 00:00 0 
7fc8c18a8000-7fc8c18ac000 ---p 00000000 00:00 0 
7fc8c18ac000-7fc8c19a9000 rw-p 00000000 00:00 0 
7fc8c19a9000-7fc8c19ad000 ---p 00000000 00:00 0 
7fc8c19ad000-7fc8c1aaa000 rw-p 00000000 00:00 0 
7fc8c1aaa000-7fc8c1aae000 ---p 00000000 00:00 0 
7fc8c1aae000-7fc8c1dab000 rw-p 00000000 00:00 0 
7fc8c1dab000-7fc8c1fab000 rw-p 00000000 00:00 0 
7fc8c1fab000-7fc8c21ab000 rw-p 00000000 00:00 0 
7fc8c21ab000-7fc8c23ab000 rw-p 00000000 00:00 0 
7fc8c23ab000-7fc8c25ab000 rw-p 00000000 00:00 0 
7fc8c25ab000-7fc8c27ab000 rw-p 00000000 00:00 0 
7fc8c27ab000-7fc8c299e000 rw-p 00000000 00:00 0 
7fc8c299e000-7fc8c29ab000 ---p 00000000 00:00 0 
7fc8c2a82000-7fc8c2c82000 rw-p 00000000 00:00 0 
7fc8c2c97000-7fc8c2c9b000 ---p 00000000 00:00 0 
7fc8c2c9b000-7fc8c2f98000 rw-p 00000000 00:00 0 
7fc8c2f98000-7fc8c2f9c000 ---p 00000000 00:00 0 
7fc8c2f9c000-7fc8c3099000 rw-p 00000000 00:00 0 
7fc8c3099000-7fc8c309d000 ---p 00000000 00:00 0 
7fc8c309d000-7fc8c319a000 rw-p 00000000 00:00 0 
7fc8c31fe000-7fc8c3202000 ---p 00000000 00:00 0 
7fc8c3202000-7fc8c32ff000 rw-p 00000000 00:00 0 
7fc8c32ff000-7fc8c3303000 ---p 00000000 00:00 0 
7fc8c3303000-7fc8c3600000 rw-p 00000000 00:00 0 
7fc8c3600000-7fc8c3800000 rw-p 00000000 00:00 0 
7fc8c3800000-7fc8c3a00000 rw-p 00000000 00:00 0 
7fc8c3a00000-7fc8c3c00000 rw-p 00000000 00:00 0 
7fc8c3c00000-7fc8c3e00000 rw-p 00000000 00:00 0 
7fc8c3e00000-7fc8c4000000 rw-p 00000000 00:00 0 
7fc8c4000000-7fc8c4021000 rw-p 00000000 00:00 0 
7fc8c4021000-7fc8c8000000 ---p 00000000 00:00 0 
7fc8c8000000-7fc8c8068000 rw-p 00000000 00:00 0 
7fc8c8068000-7fc8cc000000 ---p 00000000 00:00 0 
7fc8cc000000-7fc8cc324000 rw-p 00000000 00:00 0 
7fc8cc324000-7fc8d0000000 ---p 00000000 00:00 0 
7fc8d0000000-7fc8d0021000 rw-p 00000000 00:00 0 
7fc8d0021000-7fc8d4000000 ---p 00000000 00:00 0 
7fc8d4000000-7fc8d4021000 rw-p 00000000 00:00 0 
7fc8d4021000-7fc8d8000000 ---p 00000000 00:00 0 
7fc8d8000000-7fc8d8021000 rw-p 00000000 00:00 0 
7fc8d8021000-7fc8dc000000 ---p 00000000 00:00 0 
7fc8dc000000-7fc8dc021000 rw-p 00000000 00:00 0 
7fc8dc021000-7fc8e0000000 ---p 00000000 00:00 0 
7fc8e0000000-7fc8e0021000 rw-p 00000000 00:00 0 
7fc8e0021000-7fc8e4000000 ---p 00000000 00:00 0 
7fc8e4000000-7fc8e4055000 rw-p 00000000 00:00 0 
7fc8e4055000-7fc8e8000000 ---p 00000000 00:00 0 
7fc8e8000000-7fc8e8021000 rw-p 00000000 00:00 0 
7fc8e8021000-7fc8ec000000 ---p 00000000 00:00 0 
7fc8ec000000-7fc8ec021000 rw-p 00000000 00:00 0 
7fc8ec021000-7fc8f0000000 ---p 00000000 00:00 0 
7fc8f0000000-7fc8f0021000 rw-p 00000000 00:00 0 
7fc8f0021000-7fc8f4000000 ---p 00000000 00:00 0 
7fc8f4000000-7fc8f6745000 rw-p 00000000 00:00 0 
7fc8f6745000-7fc8f8000000 ---p 00000000 00:00 0 
7fc8f8000000-7fc8f89aa000 rw-p 00000000 00:00 0 
7fc8f89aa000-7fc8fc000000 ---p 00000000 00:00 0 
7fc8fc000000-7fc8fc021000 rw-p 00000000 00:00 0 
7fc8fc021000-7fc900000000 ---p 00000000 00:00 0 
7fc900000000-7fc900021000 rw-p 00000000 00:00 0 
7fc900021000-7fc904000000 ---p 00000000 00:00 0 
7fc904000000-7fc904021000 rw-p 00000000 00:00 0 
7fc904021000-7fc908000000 ---p 00000000 00:00 0 
7fc908000000-7fc908021000 rw-p 00000000 00:00 0 
7fc908021000-7fc90c000000 ---p 00000000 00:00 0 
7fc90c000000-7fc90c021000 rw-p 00000000 00:00 0 
7fc90c021000-7fc910000000 ---p 00000000 00:00 0 
7fc910000000-7fc91013f000 rw-p 00000000 00:00 0 
7fc91013f000-7fc914000000 ---p 00000000 00:00 0 
7fc914000000-7fc914021000 rw-p 00000000 00:00 0 
7fc914021000-7fc918000000 ---p 00000000 00:00 0 
7fc91807b000-7fc91807f000 ---p 00000000 00:00 0 
7fc91807f000-7fc91837c000 rw-p 00000000 00:00 0 
7fc91837c000-7fc918380000 ---p 00000000 00:00 0 
7fc918380000-7fc91867d000 rw-p 00000000 00:00 0 
7fc91867d000-7fc91887d000 rw-p 00000000 00:00 0 
7fc91887d000-7fc91887e000 ---p 00000000 00:00 0 
7fc91887e000-7fc91897f000 rw-p 00000000 00:00 0 
7fc91897f000-7fc918980000 ---p 00000000 00:00 0 
7fc918980000-7fc918c81000 rw-p 00000000 00:00 0 
7fc918c81000-7fc918e81000 rw-p 00000000 00:00 0 
7fc918e81000-7fc918e85000 ---p 00000000 00:00 0 
7fc918e85000-7fc918f82000 rw-p 00000000 00:00 0 
7fc918f82000-7fc918f83000 ---p 00000000 00:00 0 
7fc918f83000-7fc919084000 rw-p 00000000 00:00 0 
7fc919084000-7fc919085000 ---p 00000000 00:00 0 
7fc919085000-7fc919186000 rw-p 00000000 00:00 0 
7fc919186000-7fc91918a000 ---p 00000000 00:00 0 
7fc91918a000-7fc919287000 rw-p 00000000 00:00 0 
7fc919287000-7fc91928b000 ---p 00000000 00:00 0 
7fc91928b000-7fc919388000 rw-p 00000000 00:00 0 
7fc919388000-7fc91938c000 ---p 00000000 00:00 0 
7fc91938c000-7fc919489000 rw-p 00000000 00:00 0 
7fc919489000-7fc91948d000 ---p 00000000 00:00 0 
7fc91948d000-7fc91958a000 rw-p 00000000 00:00 0 
7fc91958a000-7fc91958e000 ---p 00000000 00:00 0 
7fc91958e000-7fc91968b000 rw-p 00000000 00:00 0 
7fc91968b000-7fc91968f000 ---p 00000000 00:00 0 
7fc91968f000-7fc91978c000 rw-p 00000000 00:00 0 
7fc91978c000-7fc919790000 ---p 00000000 00:00 0 
7fc919790000-7fc91988d000 rw-p 00000000 00:00 0 
7fc91988d000-7fc919891000 ---p 00000000 00:00 0 
7fc919891000-7fc91998e000 rw-p 00000000 00:00 0 
7fc91998e000-7fc919992000 ---p 00000000 00:00 0 
7fc919992000-7fc919a8f000 rw-p 00000000 00:00 0 
7fc919a8f000-7fc91a000000 r--p 00000000 08:02 3407972                    /usr/lib/locale/locale-archive
7fc91a000000-7fc91c000000 rw-p 00000000 00:00 0 
7fc91c000000-7fc91c021000 rw-p 00000000 00:00 0 
7fc91c021000-7fc920000000 ---p 00000000 00:00 0 
7fc920000000-7fc920021000 rw-p 00000000 00:00 0 
7fc920021000-7fc924000000 ---p 00000000 00:00 0 
7fc924000000-7fc92404d000 rw-p 00000000 00:00 0 
7fc92404d000-7fc928000000 ---p 00000000 00:00 0 
7fc92803b000-7fc92803d000 r--p 00000000 08:02 3410057                    /usr/lib/x86_64-linux-gnu/libnss_dns-2.31.so
7fc92803d000-7fc928041000 r-xp 00002000 08:02 3410057                    /usr/lib/x86_64-linux-gnu/libnss_dns-2.31.so
7fc928041000-7fc928042000 r--p 00006000 08:02 3410057                    /usr/lib/x86_64-linux-gnu/libnss_dns-2.31.so
7fc928042000-7fc928043000 r--p 00006000 08:02 3410057                    /usr/lib/x86_64-linux-gnu/libnss_dns-2.31.so
7fc928043000-7fc928044000 rw-p 00007000 08:02 3410057                    /usr/lib/x86_64-linux-gnu/libnss_dns-2.31.so
7fc928044000-7fc928048000 r--p 00000000 08:02 3410064                    /usr/lib/x86_64-linux-gnu/libresolv-2.31.so
7fc928048000-7fc928058000 r-xp 00004000 08:02 3410064                    /usr/lib/x86_64-linux-gnu/libresolv-2.31.so
7fc928058000-7fc92805b000 r--p 00014000 08:02 3410064                    /usr/lib/x86_64-linux-gnu/libresolv-2.31.so
7fc92805b000-7fc92805c000 ---p 00017000 08:02 3410064                    /usr/lib/x86_64-linux-gnu/libresolv-2.31.so
7fc92805c000-7fc92805d000 r--p 00017000 08:02 3410064                    /usr/lib/x86_64-linux-gnu/libresolv-2.31.so
7fc92805d000-7fc92805e000 rw-p 00018000 08:02 3410064                    /usr/lib/x86_64-linux-gnu/libresolv-2.31.so
7fc92805e000-7fc928060000 rw-p 00000000 00:00 0 
7fc928060000-7fc928061000 r--p 00000000 08:02 3415160                    /usr/lib/x86_64-linux-gnu/libnss_mdns4_minimal.so.2
7fc928061000-7fc928063000 r-xp 00001000 08:02 3415160                    /usr/lib/x86_64-linux-gnu/libnss_mdns4_minimal.so.2
7fc928063000-7fc928064000 r--p 00003000 08:02 3415160                    /usr/lib/x86_64-linux-gnu/libnss_mdns4_minimal.so.2
7fc928064000-7fc928065000 r--p 00003000 08:02 3415160                    /usr/lib/x86_64-linux-gnu/libnss_mdns4_minimal.so.2
7fc928065000-7fc928066000 rw-p 00004000 08:02 3415160                    /usr/lib/x86_64-linux-gnu/libnss_mdns4_minimal.so.2
7fc928076000-7fc928077000 r--p 00000000 08:02 4327494                    /usr/lib/jvm/java-14-openjdk-amd64/lib/libextnet.so
7fc928077000-7fc928078000 r-xp 00001000 08:02 4327494                    /usr/lib/jvm/java-14-openjdk-amd64/lib/libextnet.so
7fc928078000-7fc928079000 r--p 00002000 08:02 4327494                    /usr/lib/jvm/java-14-openjdk-amd64/lib/libextnet.so
7fc928079000-7fc92807a000 r--p 00002000 08:02 4327494                    /usr/lib/jvm/java-14-openjdk-amd64/lib/libextnet.so
7fc92807a000-7fc92807b000 rw-p 00003000 08:02 4327494                    /usr/lib/jvm/java-14-openjdk-amd64/lib/libextnet.so
7fc92807b000-7fc92807d000 r--p 00000000 08:02 4328522                    /usr/lib/jvm/java-14-openjdk-amd64/lib/libmanagement_ext.so
7fc92807d000-7fc928080000 r-xp 00002000 08:02 4328522                    /usr/lib/jvm/java-14-openjdk-amd64/lib/libmanagement_ext.so
7fc928080000-7fc928081000 r--p 00005000 08:02 4328522                    /usr/lib/jvm/java-14-openjdk-amd64/lib/libmanagement_ext.so
7fc928081000-7fc928082000 ---p 00006000 08:02 4328522                    /usr/lib/jvm/java-14-openjdk-amd64/lib/libmanagement_ext.so
7fc928082000-7fc928083000 r--p 00006000 08:02 4328522                    /usr/lib/jvm/java-14-openjdk-amd64/lib/libmanagement_ext.so
7fc928083000-7fc928084000 rw-p 00007000 08:02 4328522                    /usr/lib/jvm/java-14-openjdk-amd64/lib/libmanagement_ext.so
7fc928084000-7fc928087000 r--p 00000000 08:02 4328520                    /usr/lib/jvm/java-14-openjdk-amd64/lib/libmanagement.so
7fc928087000-7fc928088000 r-xp 00003000 08:02 4328520                    /usr/lib/jvm/java-14-openjdk-amd64/lib/libmanagement.so
7fc928088000-7fc928089000 r--p 00004000 08:02 4328520                    /usr/lib/jvm/java-14-openjdk-amd64/lib/libmanagement.so
7fc928089000-7fc92808a000 r--p 00004000 08:02 4328520                    /usr/lib/jvm/java-14-openjdk-amd64/lib/libmanagement.so
7fc92808a000-7fc92808b000 rw-p 00005000 08:02 4328520                    /usr/lib/jvm/java-14-openjdk-amd64/lib/libmanagement.so
7fc92808b000-7fc92808f000 r--p 00000000 08:02 4328578                    /usr/lib/jvm/java-14-openjdk-amd64/lib/libverify.so
7fc92808f000-7fc928096000 r-xp 00004000 08:02 4328578                    /usr/lib/jvm/java-14-openjdk-amd64/lib/libverify.so
7fc928096000-7fc928098000 r--p 0000b000 08:02 4328578                    /usr/lib/jvm/java-14-openjdk-amd64/lib/libverify.so
7fc928098000-7fc92809a000 r--p 0000c000 08:02 4328578                    /usr/lib/jvm/java-14-openjdk-amd64/lib/libverify.so
7fc92809a000-7fc92809b000 rw-p 0000e000 08:02 4328578                    /usr/lib/jvm/java-14-openjdk-amd64/lib/libverify.so
7fc92809b000-7fc92809f000 r--p 00000000 08:02 4328527                    /usr/lib/jvm/java-14-openjdk-amd64/lib/libnet.so
7fc92809f000-7fc9280ad000 r-xp 00004000 08:02 4328527                    /usr/lib/jvm/java-14-openjdk-amd64/lib/libnet.so
7fc9280ad000-7fc9280b1000 r--p 00012000 08:02 4328527                    /usr/lib/jvm/java-14-openjdk-amd64/lib/libnet.so
7fc9280b1000-7fc9280b2000 r--p 00015000 08:02 4328527                    /usr/lib/jvm/java-14-openjdk-amd64/lib/libnet.so
7fc9280b2000-7fc9280b3000 rw-p 00016000 08:02 4328527                    /usr/lib/jvm/java-14-openjdk-amd64/lib/libnet.so
7fc9280b3000-7fc9280ba000 r--p 00000000 08:02 4328539                    /usr/lib/jvm/java-14-openjdk-amd64/lib/libnio.so
7fc9280ba000-7fc9280c3000 r-xp 00007000 08:02 4328539                    /usr/lib/jvm/java-14-openjdk-amd64/lib/libnio.so
7fc9280c3000-7fc9280c7000 r--p 00010000 08:02 4328539                    /usr/lib/jvm/java-14-openjdk-amd64/lib/libnio.so
7fc9280c7000-7fc9280c8000 r--p 00013000 08:02 4328539                    /usr/lib/jvm/java-14-openjdk-amd64/lib/libnio.so
7fc9280c8000-7fc9280c9000 rw-p 00014000 08:02 4328539                    /usr/lib/jvm/java-14-openjdk-amd64/lib/libnio.so
7fc9280c9000-7fc9280cb000 r--p 00000000 08:02 4327493                    /usr/lib/jvm/java-14-openjdk-amd64/lib/libdt_socket.so
7fc9280cb000-7fc9280ce000 r-xp 00002000 08:02 4327493                    /usr/lib/jvm/java-14-openjdk-amd64/lib/libdt_socket.so
7fc9280ce000-7fc9280cf000 r--p 00005000 08:02 4327493                    /usr/lib/jvm/java-14-openjdk-amd64/lib/libdt_socket.so
7fc9280cf000-7fc9280d0000 ---p 00006000 08:02 4327493                    /usr/lib/jvm/java-14-openjdk-amd64/lib/libdt_socket.so
7fc9280d0000-7fc9280d1000 r--p 00006000 08:02 4327493                    /usr/lib/jvm/java-14-openjdk-amd64/lib/libdt_socket.so
7fc9280d1000-7fc9280d2000 rw-p 00007000 08:02 4327493                    /usr/lib/jvm/java-14-openjdk-amd64/lib/libdt_socket.so
7fc9280d2000-7fc9280d6000 ---p 00000000 00:00 0 
7fc9280d6000-7fc9281d3000 rw-p 00000000 00:00 0 
7fc9281d3000-7fc9281d7000 ---p 00000000 00:00 0 
7fc9281d7000-7fc9282d4000 rw-p 00000000 00:00 0 
7fc9282d4000-7fc9282d8000 ---p 00000000 00:00 0 
7fc9282d8000-7fc9283d5000 rw-p 00000000 00:00 0 
7fc9283d5000-7fc9283d6000 ---p 00000000 00:00 0 
7fc9283d6000-7fc928db3000 rw-p 00000000 00:00 0 
7fc928db3000-7fc928db4000 ---p 00000000 00:00 0 
7fc928db4000-7fc928eb5000 rw-p 00000000 00:00 0 
7fc928eb5000-7fc928eb6000 ---p 00000000 00:00 0 
7fc928eb6000-7fc9293bb000 rw-p 00000000 00:00 0 
7fc9293bb000-7fc9293bc000 ---p 00000000 00:00 0 
7fc9293bc000-7fc9294bd000 rw-p 00000000 00:00 0 
7fc9294bd000-7fc9294be000 ---p 00000000 00:00 0 
7fc9294be000-7fc9295bf000 rw-p 00000000 00:00 0 
7fc9295bf000-7fc9295c0000 ---p 00000000 00:00 0 
7fc9295c0000-7fc9297d9000 rw-p 00000000 00:00 0 
7fc9297d9000-7fc92a5c9000 ---p 00000000 00:00 0 
7fc92a5c9000-7fc92a6e9000 rw-p 00000000 00:00 0 
7fc92a6e9000-7fc92b4d9000 ---p 00000000 00:00 0 
7fc92b4d9000-7fc92b504000 rw-p 00000000 00:00 0 
7fc92b504000-7fc92b6c2000 ---p 00000000 00:00 0 
7fc92b6c2000-7fc92b6e6000 rw-p 00000000 00:00 0 
7fc92b6e6000-7fc92b8a4000 ---p 00000000 00:00 0 
7fc92b8a4000-7fc92b8c8000 rw-p 00000000 00:00 0 
7fc92b8c8000-7fc92ba86000 ---p 00000000 00:00 0 
7fc92ba86000-7fc92bc89000 rw-p 00000000 00:00 0 
7fc92bc89000-7fc92bef9000 rwxp 00000000 00:00 0 
7fc92bef9000-7fc92c21a000 ---p 00000000 00:00 0 
7fc92c21a000-7fc92cc7a000 rwxp 00000000 00:00 0 
7fc92cc7a000-7fc933751000 ---p 00000000 00:00 0 
7fc933751000-7fc9339e1000 rwxp 00000000 00:00 0 
7fc9339e1000-7fc93ac89000 ---p 00000000 00:00 0 
7fc944000000-7fc945a96000 rw-p 00000000 00:00 0 
7fc945a96000-7fc948000000 ---p 00000000 00:00 0 
7fc948002000-7fc94826c000 rw-p 00000000 00:00 0 
7fc94826c000-7fc948351000 ---p 00000000 00:00 0 
7fc948351000-7fc948366000 rw-p 00000000 00:00 0 
7fc948366000-7fc94843c000 ---p 00000000 00:00 0 
7fc94843c000-7fc948441000 rw-p 00000000 00:00 0 
7fc948441000-7fc948448000 ---p 00000000 00:00 0 
7fc948448000-7fc94844a000 r--p 00000000 08:02 4328583                    /usr/lib/jvm/java-14-openjdk-amd64/lib/libzip.so
7fc94844a000-7fc94844e000 r-xp 00002000 08:02 4328583                    /usr/lib/jvm/java-14-openjdk-amd64/lib/libzip.so
7fc94844e000-7fc948450000 r--p 00006000 08:02 4328583                    /usr/lib/jvm/java-14-openjdk-amd64/lib/libzip.so
7fc948450000-7fc948451000 r--p 00007000 08:02 4328583                    /usr/lib/jvm/java-14-openjdk-amd64/lib/libzip.so
7fc948451000-7fc948452000 rw-p 00008000 08:02 4328583                    /usr/lib/jvm/java-14-openjdk-amd64/lib/libzip.so
7fc948452000-7fc948455000 r--p 00000000 08:02 3410058                    /usr/lib/x86_64-linux-gnu/libnss_files-2.31.so
7fc948455000-7fc94845c000 r-xp 00003000 08:02 3410058                    /usr/lib/x86_64-linux-gnu/libnss_files-2.31.so
7fc94845c000-7fc94845e000 r--p 0000a000 08:02 3410058                    /usr/lib/x86_64-linux-gnu/libnss_files-2.31.so
7fc94845e000-7fc94845f000 r--p 0000b000 08:02 3410058                    /usr/lib/x86_64-linux-gnu/libnss_files-2.31.so
7fc94845f000-7fc948460000 rw-p 0000c000 08:02 3410058                    /usr/lib/x86_64-linux-gnu/libnss_files-2.31.so
7fc948460000-7fc948466000 rw-p 00000000 00:00 0 
7fc948467000-7fc94846e000 r--s 00000000 08:02 4067478                    /usr/lib/x86_64-linux-gnu/gconv/gconv-modules.cache
7fc94846e000-7fc948476000 rw-s 00000000 08:02 13501700                   /tmp/hsperfdata_leticia/60070
7fc948476000-7fc948478000 r--p 00000000 08:02 4327496                    /usr/lib/jvm/java-14-openjdk-amd64/lib/libinstrument.so
7fc948478000-7fc94847e000 r-xp 00002000 08:02 4327496                    /usr/lib/jvm/java-14-openjdk-amd64/lib/libinstrument.so
7fc94847e000-7fc948481000 r--p 00008000 08:02 4327496                    /usr/lib/jvm/java-14-openjdk-amd64/lib/libinstrument.so
7fc948481000-7fc948482000 r--p 0000a000 08:02 4327496                    /usr/lib/jvm/java-14-openjdk-amd64/lib/libinstrument.so
7fc948482000-7fc948483000 rw-p 0000b000 08:02 4327496                    /usr/lib/jvm/java-14-openjdk-amd64/lib/libinstrument.so
7fc948483000-7fc948490000 r--p 00000000 08:02 4327625                    /usr/lib/jvm/java-14-openjdk-amd64/lib/libjava.so
7fc948490000-7fc9484a3000 r-xp 0000d000 08:02 4327625                    /usr/lib/jvm/java-14-openjdk-amd64/lib/libjava.so
7fc9484a3000-7fc9484a9000 r--p 00020000 08:02 4327625                    /usr/lib/jvm/java-14-openjdk-amd64/lib/libjava.so
7fc9484a9000-7fc9484aa000 r--p 00025000 08:02 4327625                    /usr/lib/jvm/java-14-openjdk-amd64/lib/libjava.so
7fc9484aa000-7fc9484ac000 rw-p 00026000 08:02 4327625                    /usr/lib/jvm/java-14-openjdk-amd64/lib/libjava.so
7fc9484ac000-7fc9484ae000 r--p 00000000 08:02 4327628                    /usr/lib/jvm/java-14-openjdk-amd64/lib/libjdwp.so
7fc9484ae000-7fc9484da000 r-xp 00002000 08:02 4327628                    /usr/lib/jvm/java-14-openjdk-amd64/lib/libjdwp.so
7fc9484da000-7fc9484e8000 r--p 0002e000 08:02 4327628                    /usr/lib/jvm/java-14-openjdk-amd64/lib/libjdwp.so
7fc9484e8000-7fc9484e9000 r--p 0003b000 08:02 4327628                    /usr/lib/jvm/java-14-openjdk-amd64/lib/libjdwp.so
7fc9484e9000-7fc9484ea000 rw-p 0003c000 08:02 4327628                    /usr/lib/jvm/java-14-openjdk-amd64/lib/libjdwp.so
7fc9484ea000-7fc9484ee000 ---p 00000000 00:00 0 
7fc9484ee000-7fc9485eb000 rw-p 00000000 00:00 0 
7fc9485eb000-7fc9485ee000 r--p 00000000 08:02 3408361                    /usr/lib/x86_64-linux-gnu/libgcc_s.so.1
7fc9485ee000-7fc948600000 r-xp 00003000 08:02 3408361                    /usr/lib/x86_64-linux-gnu/libgcc_s.so.1
7fc948600000-7fc948604000 r--p 00015000 08:02 3408361                    /usr/lib/x86_64-linux-gnu/libgcc_s.so.1
7fc948604000-7fc948605000 r--p 00018000 08:02 3408361                    /usr/lib/x86_64-linux-gnu/libgcc_s.so.1
7fc948605000-7fc948606000 rw-p 00019000 08:02 3408361                    /usr/lib/x86_64-linux-gnu/libgcc_s.so.1
7fc948606000-7fc948615000 r--p 00000000 08:02 3410052                    /usr/lib/x86_64-linux-gnu/libm-2.31.so
7fc948615000-7fc9486bc000 r-xp 0000f000 08:02 3410052                    /usr/lib/x86_64-linux-gnu/libm-2.31.so
7fc9486bc000-7fc948753000 r--p 000b6000 08:02 3410052                    /usr/lib/x86_64-linux-gnu/libm-2.31.so
7fc948753000-7fc948754000 r--p 0014c000 08:02 3410052                    /usr/lib/x86_64-linux-gnu/libm-2.31.so
7fc948754000-7fc948755000 rw-p 0014d000 08:02 3410052                    /usr/lib/x86_64-linux-gnu/libm-2.31.so
7fc948755000-7fc9487eb000 r--p 00000000 08:02 3408267                    /usr/lib/x86_64-linux-gnu/libstdc++.so.6.0.28
7fc9487eb000-7fc9488db000 r-xp 00096000 08:02 3408267                    /usr/lib/x86_64-linux-gnu/libstdc++.so.6.0.28
7fc9488db000-7fc948924000 r--p 00186000 08:02 3408267                    /usr/lib/x86_64-linux-gnu/libstdc++.so.6.0.28
7fc948924000-7fc948925000 ---p 001cf000 08:02 3408267                    /usr/lib/x86_64-linux-gnu/libstdc++.so.6.0.28
7fc948925000-7fc948930000 r--p 001cf000 08:02 3408267                    /usr/lib/x86_64-linux-gnu/libstdc++.so.6.0.28
7fc948930000-7fc948933000 rw-p 001da000 08:02 3408267                    /usr/lib/x86_64-linux-gnu/libstdc++.so.6.0.28
7fc948933000-7fc948936000 rw-p 00000000 00:00 0 
7fc948936000-7fc948b63000 r--p 00000000 08:02 4328930                    /usr/lib/jvm/java-14-openjdk-amd64/lib/server/libjvm.so
7fc948b63000-7fc949809000 r-xp 0022d000 08:02 4328930                    /usr/lib/jvm/java-14-openjdk-amd64/lib/server/libjvm.so
7fc949809000-7fc949a65000 r--p 00ed3000 08:02 4328930                    /usr/lib/jvm/java-14-openjdk-amd64/lib/server/libjvm.so
7fc949a65000-7fc949b0c000 r--p 0112e000 08:02 4328930                    /usr/lib/jvm/java-14-openjdk-amd64/lib/server/libjvm.so
7fc949b0c000-7fc949b46000 rw-p 011d5000 08:02 4328930                    /usr/lib/jvm/java-14-openjdk-amd64/lib/server/libjvm.so
7fc949b46000-7fc949bc9000 rw-p 00000000 00:00 0 
7fc949bc9000-7fc949bd0000 r--p 00000000 08:02 3410063                    /usr/lib/x86_64-linux-gnu/libpthread-2.31.so
7fc949bd0000-7fc949be1000 r-xp 00007000 08:02 3410063                    /usr/lib/x86_64-linux-gnu/libpthread-2.31.so
7fc949be1000-7fc949be6000 r--p 00018000 08:02 3410063                    /usr/lib/x86_64-linux-gnu/libpthread-2.31.so
7fc949be6000-7fc949be7000 r--p 0001c000 08:02 3410063                    /usr/lib/x86_64-linux-gnu/libpthread-2.31.so
7fc949be7000-7fc949be8000 rw-p 0001d000 08:02 3410063                    /usr/lib/x86_64-linux-gnu/libpthread-2.31.so
7fc949be8000-7fc949bec000 rw-p 00000000 00:00 0 
7fc949bec000-7fc949bed000 r--p 00000000 08:02 3410051                    /usr/lib/x86_64-linux-gnu/libdl-2.31.so
7fc949bed000-7fc949bef000 r-xp 00001000 08:02 3410051                    /usr/lib/x86_64-linux-gnu/libdl-2.31.so
7fc949bef000-7fc949bf0000 r--p 00003000 08:02 3410051                    /usr/lib/x86_64-linux-gnu/libdl-2.31.so
7fc949bf0000-7fc949bf1000 r--p 00003000 08:02 3410051                    /usr/lib/x86_64-linux-gnu/libdl-2.31.so
7fc949bf1000-7fc949bf2000 rw-p 00004000 08:02 3410051                    /usr/lib/x86_64-linux-gnu/libdl-2.31.so
7fc949bf2000-7fc949bf4000 r--p 00000000 08:02 3408413                    /usr/lib/x86_64-linux-gnu/libz.so.1.2.11
7fc949bf4000-7fc949c05000 r-xp 00002000 08:02 3408413                    /usr/lib/x86_64-linux-gnu/libz.so.1.2.11
7fc949c05000-7fc949c0b000 r--p 00013000 08:02 3408413                    /usr/lib/x86_64-linux-gnu/libz.so.1.2.11
7fc949c0b000-7fc949c0c000 ---p 00019000 08:02 3408413                    /usr/lib/x86_64-linux-gnu/libz.so.1.2.11
7fc949c0c000-7fc949c0d000 r--p 00019000 08:02 3408413                    /usr/lib/x86_64-linux-gnu/libz.so.1.2.11
7fc949c0d000-7fc949c0e000 rw-p 0001a000 08:02 3408413                    /usr/lib/x86_64-linux-gnu/libz.so.1.2.11
7fc949c0e000-7fc949c33000 r--p 00000000 08:02 3410050                    /usr/lib/x86_64-linux-gnu/libc-2.31.so
7fc949c33000-7fc949dab000 r-xp 00025000 08:02 3410050                    /usr/lib/x86_64-linux-gnu/libc-2.31.so
7fc949dab000-7fc949df5000 r--p 0019d000 08:02 3410050                    /usr/lib/x86_64-linux-gnu/libc-2.31.so
7fc949df5000-7fc949df6000 ---p 001e7000 08:02 3410050                    /usr/lib/x86_64-linux-gnu/libc-2.31.so
7fc949df6000-7fc949df9000 r--p 001e7000 08:02 3410050                    /usr/lib/x86_64-linux-gnu/libc-2.31.so
7fc949df9000-7fc949dfc000 rw-p 001ea000 08:02 3410050                    /usr/lib/x86_64-linux-gnu/libc-2.31.so
7fc949dfc000-7fc949e00000 rw-p 00000000 00:00 0 
7fc949e03000-7fc949e05000 r--s 0000c000 08:02 4199056                    /usr/share/java/java-atk-wrapper.jar
7fc949e05000-7fc949e06000 ---p 00000000 00:00 0 
7fc949e06000-7fc949e07000 r--p 00000000 00:00 0 
7fc949e07000-7fc949e09000 r--p 00000000 08:02 4327629                    /usr/lib/jvm/java-14-openjdk-amd64/lib/libjimage.so
7fc949e09000-7fc949e0c000 r-xp 00002000 08:02 4327629                    /usr/lib/jvm/java-14-openjdk-amd64/lib/libjimage.so
7fc949e0c000-7fc949e0d000 r--p 00005000 08:02 4327629                    /usr/lib/jvm/java-14-openjdk-amd64/lib/libjimage.so
7fc949e0d000-7fc949e0e000 ---p 00006000 08:02 4327629                    /usr/lib/jvm/java-14-openjdk-amd64/lib/libjimage.so
7fc949e0e000-7fc949e0f000 r--p 00006000 08:02 4327629                    /usr/lib/jvm/java-14-openjdk-amd64/lib/libjimage.so
7fc949e0f000-7fc949e10000 rw-p 00007000 08:02 4327629                    /usr/lib/jvm/java-14-openjdk-amd64/lib/libjimage.so
7fc949e10000-7fc949e13000 r--p 00000000 08:02 4327630                    /usr/lib/jvm/java-14-openjdk-amd64/lib/libjli.so
7fc949e13000-7fc949e1d000 r-xp 00003000 08:02 4327630                    /usr/lib/jvm/java-14-openjdk-amd64/lib/libjli.so
7fc949e1d000-7fc949e20000 r--p 0000d000 08:02 4327630                    /usr/lib/jvm/java-14-openjdk-amd64/lib/libjli.so
7fc949e20000-7fc949e21000 r--p 0000f000 08:02 4327630                    /usr/lib/jvm/java-14-openjdk-amd64/lib/libjli.so
7fc949e21000-7fc949e22000 rw-p 00010000 08:02 4327630                    /usr/lib/jvm/java-14-openjdk-amd64/lib/libjli.so
7fc949e22000-7fc949e24000 rw-p 00000000 00:00 0 
7fc949e24000-7fc949e25000 r--p 00000000 08:02 3410045                    /usr/lib/x86_64-linux-gnu/ld-2.31.so
7fc949e25000-7fc949e48000 r-xp 00001000 08:02 3410045                    /usr/lib/x86_64-linux-gnu/ld-2.31.so
7fc949e48000-7fc949e50000 r--p 00024000 08:02 3410045                    /usr/lib/x86_64-linux-gnu/ld-2.31.so
7fc949e50000-7fc949e51000 ---p 00000000 00:00 0 
7fc949e51000-7fc949e52000 r--p 0002c000 08:02 3410045                    /usr/lib/x86_64-linux-gnu/ld-2.31.so
7fc949e52000-7fc949e53000 rw-p 0002d000 08:02 3410045                    /usr/lib/x86_64-linux-gnu/ld-2.31.so
7fc949e53000-7fc949e54000 rw-p 00000000 00:00 0 
7ffc29ccb000-7ffc29cee000 rw-p 00000000 00:00 0                          [stack]
7ffc29d7a000-7ffc29d7d000 r--p 00000000 00:00 0                          [vvar]
7ffc29d7d000-7ffc29d7e000 r-xp 00000000 00:00 0                          [vdso]
ffffffffff600000-ffffffffff601000 --xp 00000000 00:00 0                  [vsyscall]


VM Arguments:
jvm_args: -agentlib:jdwp=transport=dt_socket,suspend=y,address=localhost:44143 -javaagent:/home/leticia/.eclipse/360744286_linux_gtk_x86_64/configuration/org.eclipse.osgi/222/0/.cp/lib/javaagent-shaded.jar -Dfile.encoding=UTF-8 
java_command: com.example.demo.WomanCanCodeApplication
java_class_path (initial): /home/leticia/Documents/AleloChallenge/target/classes:/snap/eclipse/48/plugins/org.junit_4.12.0.v201504281640/junit.jar:/snap/eclipse/48/plugins/org.hamcrest.core_1.3.0.v20180420-1519.jar:/home/leticia/.m2/repository/org/springframework/boot/spring-boot-starter-data-jpa/2.2.11.RELEASE/spring-boot-starter-data-jpa-2.2.11.RELEASE.jar:/home/leticia/.m2/repository/org/springframework/boot/spring-boot-starter-aop/2.2.11.RELEASE/spring-boot-starter-aop-2.2.11.RELEASE.jar:/home/leticia/.m2/repository/org/springframework/spring-aop/5.2.10.RELEASE/spring-aop-5.2.10.RELEASE.jar:/home/leticia/.m2/repository/org/aspectj/aspectjweaver/1.9.6/aspectjweaver-1.9.6.jar:/home/leticia/.m2/repository/org/springframework/boot/spring-boot-starter-jdbc/2.2.11.RELEASE/spring-boot-starter-jdbc-2.2.11.RELEASE.jar:/home/leticia/.m2/repository/com/zaxxer/HikariCP/3.4.5/HikariCP-3.4.5.jar:/home/leticia/.m2/repository/org/springframework/spring-jdbc/5.2.10.RELEASE/spring-jdbc-5.2.10.RELEASE.jar:/home/leticia/.m2/repository/jakarta/persistence/jakarta.persistence-api/2.2.3/jakarta.persistence-api-2.2.3.jar:/home/leticia/.m2/repository/jakarta/transaction/jakarta.transaction-api/1.3.3/jakarta.transaction-api-1.3.3.jar:/home/leticia/.m2/repository/org/hibernate/hibernate-core/5.4.22.Final/hibernate-core-5.4.22.Final.jar:/home/leticia/.m2/repository/org/jboss/logging/jboss-logging/3.4.1.Final/jboss-logging-3.4.1.Final.jar:/home/leticia/.m2/repository/org/javassist/javassist/3.24.0-GA/javassist-3.24.0-GA.jar:/home/leticia/.m2/repository/net/bytebuddy/byte-buddy/1.10.17/byte-buddy-1.10.17.jar:/home/leticia/.m2/repository/antlr/antlr/2.7.7/antlr-2.7.7.jar:/home/leticia/.m2/repository/org/jboss/jandex/2.1.3.Final/jandex-2.1.3.Final.jar:/home/leticia/.m2/repository/com/fasterxml/classmate/1.5.1/classmate-1.5.1.jar:/home/leticia/.m2/repository/org/dom4j/dom4j/2.1.3/dom4j-2.1.3.jar:/home/leticia/.m2/repository/org/hibernate/common/hibernate-commons-annotations/5.1.0.Final/hibern
Launcher Type: SUN_STANDARD

[Global flags]
     intx CICompilerCount                          = 3                                         {product} {ergonomic}
     uint ConcGCThreads                            = 1                                         {product} {ergonomic}
     uint G1ConcRefinementThreads                  = 4                                         {product} {ergonomic}
   size_t G1HeapRegionSize                         = 1048576                                   {product} {ergonomic}
    uintx GCDrainStackTargetSize                   = 64                                        {product} {ergonomic}
   size_t InitialHeapSize                          = 65011712                                  {product} {ergonomic}
   size_t MarkStackSize                            = 4194304                                   {product} {ergonomic}
   size_t MaxHeapSize                              = 1010827264                                {product} {ergonomic}
   size_t MaxNewSize                               = 606076928                                 {product} {ergonomic}
   size_t MinHeapDeltaBytes                        = 1048576                                   {product} {ergonomic}
   size_t MinHeapSize                              = 8388608                                   {product} {ergonomic}
    uintx NonNMethodCodeHeapSize                   = 5832780                                {pd product} {ergonomic}
    uintx NonProfiledCodeHeapSize                  = 122912730                              {pd product} {ergonomic}
    uintx ProfiledCodeHeapSize                     = 122912730                              {pd product} {ergonomic}
    uintx ReservedCodeCacheSize                    = 251658240                              {pd product} {ergonomic}
     bool SegmentedCodeCache                       = true                                      {product} {ergonomic}
   size_t SoftMaxHeapSize                          = 1010827264                             {manageable} {ergonomic}
     bool UseCompressedClassPointers               = true                                 {lp64_product} {ergonomic}
     bool UseCompressedOops                        = true                                 {lp64_product} {ergonomic}
     bool UseG1GC                                  = true                                      {product} {ergonomic}

Logging:
Log output configuration:
 #0: stdout all=warning uptime,level,tags
 #1: stderr all=off uptime,level,tags

Environment Variables:
PATH=/usr/local/sbin:/usr/local/bin:/usr/sbin:/usr/bin:/sbin:/bin:/usr/games:/usr/local/games:/snap/bin
USERNAME=leticia
SHELL=/bin/bash
DISPLAY=:0

Signal Handlers:
SIGSEGV: [libjvm.so+0xe630f0], sa_mask[0]=11111111011111111101111111111110, sa_flags=SA_RESTART|SA_SIGINFO
SIGBUS: [libjvm.so+0xe630f0], sa_mask[0]=11111111011111111101111111111110, sa_flags=SA_RESTART|SA_SIGINFO
SIGFPE: [libjvm.so+0xe630f0], sa_mask[0]=11111111011111111101111111111110, sa_flags=SA_RESTART|SA_SIGINFO
SIGPIPE: [libjvm.so+0xb87eb0], sa_mask[0]=11111111011111111101111111111110, sa_flags=SA_RESTART|SA_SIGINFO
SIGXFSZ: [libjvm.so+0xb87eb0], sa_mask[0]=11111111011111111101111111111110, sa_flags=SA_RESTART|SA_SIGINFO
SIGILL: [libjvm.so+0xe630f0], sa_mask[0]=11111111011111111101111111111110, sa_flags=SA_RESTART|SA_SIGINFO
SIGUSR2: [libjvm.so+0xb87d50], sa_mask[0]=00100000000000000000000000000000, sa_flags=SA_RESTART|SA_SIGINFO
SIGHUP: [libjvm.so+0xb88490], sa_mask[0]=11111111011111111101111111111110, sa_flags=SA_RESTART|SA_SIGINFO
SIGINT: [libjvm.so+0xb88490], sa_mask[0]=11111111011111111101111111111110, sa_flags=SA_RESTART|SA_SIGINFO
SIGTERM: [libjvm.so+0xb88490], sa_mask[0]=11111111011111111101111111111110, sa_flags=SA_RESTART|SA_SIGINFO
SIGQUIT: [libjvm.so+0xb88490], sa_mask[0]=11111111011111111101111111111110, sa_flags=SA_RESTART|SA_SIGINFO


---------------  S Y S T E M  ---------------

OS:DISTRIB_ID=Ubuntu
DISTRIB_RELEASE=20.04
DISTRIB_CODENAME=focal
DISTRIB_DESCRIPTION="Ubuntu 20.04.1 LTS"
uname:Linux 5.4.0-52-generic #57-Ubuntu SMP Thu Oct 15 10:57:00 UTC 2020 x86_64
OS uptime: 3 days 14:19 hours
libc:glibc 2.31 NPTL 2.31 
rlimit: STACK 8192k, CORE 0k, NPROC 15186, NOFILE 1048576, AS infinity, DATA infinity, FSIZE infinity
load average:4,08 1,73 1,00

/proc/meminfo:
MemTotal:        3944032 kB
MemFree:          114148 kB
MemAvailable:     126568 kB
Buffers:           13916 kB
Cached:           397172 kB
SwapCached:        20092 kB
Active:          2837516 kB
Inactive:         688064 kB
Active(anon):    2741536 kB
Inactive(anon):   598940 kB
Active(file):      95980 kB
Inactive(file):    89124 kB
Unevictable:         892 kB
Mlocked:              96 kB
SwapTotal:       2097148 kB
SwapFree:         551176 kB
Dirty:              5364 kB
Writeback:             0 kB
AnonPages:       3095828 kB
Mapped:           292008 kB
Shmem:            226628 kB
KReclaimable:      60032 kB
Slab:             185328 kB
SReclaimable:      60032 kB
SUnreclaim:       125296 kB
KernelStack:       19248 kB
PageTables:        43448 kB
NFS_Unstable:          0 kB
Bounce:                0 kB
WritebackTmp:          0 kB
CommitLimit:     4069164 kB
Committed_AS:   12179296 kB
VmallocTotal:   34359738367 kB
VmallocUsed:       35564 kB
VmallocChunk:          0 kB
Percpu:             2896 kB
HardwareCorrupted:     0 kB
AnonHugePages:         0 kB
ShmemHugePages:        0 kB
ShmemPmdMapped:        0 kB
FileHugePages:         0 kB
FilePmdMapped:         0 kB
CmaTotal:              0 kB
CmaFree:               0 kB
HugePages_Total:       0
HugePages_Free:        0
HugePages_Rsvd:        0
HugePages_Surp:        0
Hugepagesize:       2048 kB
Hugetlb:               0 kB
DirectMap4k:      446716 kB
DirectMap2M:     3661824 kB
DirectMap1G:           0 kB


/proc/sys/kernel/threads-max (system-wide limit on the number of threads):
30372


/proc/sys/vm/max_map_count (maximum number of memory map areas a process may have):
65530


/proc/sys/kernel/pid_max (system-wide limit on number of process identifiers):
4194304



container (cgroup) information:
container_type: cgroupv1
cpu_cpuset_cpus: 0-3
cpu_memory_nodes: 0
active_processor_count: 4
cpu_quota: no quota
cpu_period: 100000
cpu_shares: no shares
memory_limit_in_bytes: unlimited
memory_and_swap_limit_in_bytes: not supported
memory_soft_limit_in_bytes: unlimited
memory_usage_in_bytes: 3628367872
memory_max_usage_in_bytes: 3668230144

Steal ticks since vm start: 0
Steal ticks percentage since vm start:  0,000

CPU:total 4 (initial active 4) (2 cores per cpu, 2 threads per core) family 6 model 69 stepping 1, cmov, cx8, fxsr, mmx, sse, sse2, sse3, ssse3, sse4.1, sse4.2, popcnt, avx, avx2, aes, clmul, erms, lzcnt, ht, tsc, tscinvbit, bmi1, bmi2, fma
CPU Model and flags from /proc/cpuinfo:
model name	: Intel(R) Core(TM) i5-4200U CPU @ 1.60GHz
flags		: fpu vme de pse tsc msr pae mce cx8 apic sep mtrr pge mca cmov pat pse36 clflush dts acpi mmx fxsr sse sse2 ss ht tm pbe syscall nx pdpe1gb rdtscp lm constant_tsc arch_perfmon pebs bts rep_good nopl xtopology nonstop_tsc cpuid aperfmperf pni pclmulqdq dtes64 monitor ds_cpl vmx est tm2 ssse3 sdbg fma cx16 xtpr pdcm pcid sse4_1 sse4_2 movbe popcnt tsc_deadline_timer aes xsave avx f16c rdrand lahf_lm abm cpuid_fault epb invpcid_single pti ssbd ibrs ibpb stibp tpr_shadow vnmi flexpriority ept vpid ept_ad fsgsbase tsc_adjust bmi1 avx2 smep bmi2 erms invpcid xsaveopt dtherm ida arat pln pts md_clear flush_l1d

Memory: 4k page, physical 3944032k(114148k free), swap 2097148k(551176k free)

vm_info: OpenJDK 64-Bit Server VM (14.0.2+12-Ubuntu-120.04) for linux-amd64 JRE (14.0.2+12-Ubuntu-120.04), built on Jul 21 2020 11:40:06 by "unknown" with gcc 9.3.0

END.
